Log file open, 03/20/22 22:31:53
LogWindows: Failed to load 'aqProf.dll' (GetLastError=126)
LogWindows: File 'aqProf.dll' does not exist
LogWindows: Failed to load 'VtuneApi.dll' (GetLastError=126)
LogWindows: File 'VtuneApi.dll' does not exist
LogWindows: Failed to load 'VtuneApi32e.dll' (GetLastError=126)
LogWindows: File 'VtuneApi32e.dll' does not exist
LogConsoleResponse: Display: Failed to find resolution value strings in scalability ini. Falling back to default.
LogConsoleResponse: Display: Failed to find resolution value strings in scalability ini. Falling back to default.
LogInit: Display: Running engine for game: JobProject
LogPlatformFile: Not using cached read wrapper
LogTaskGraph: Started task graph with 5 named threads and 35 total threads with 3 sets of task threads.
LogStats: Stats thread started at 0.460977
LogICUInternationalization: ICU TimeZone Detection - Raw Offset: -6:00, Platform Override: ''
LogInit: Display: Loading text-based GConfig....
LogPluginManager: Mounting plugin MeshPainting
LogPluginManager: Mounting plugin XGEController
LogPluginManager: Mounting plugin EnvironmentQueryEditor
LogPluginManager: Mounting plugin AISupport
LogPluginManager: Mounting plugin LightPropagationVolume
LogPluginManager: Mounting plugin GameplayCameras
LogPluginManager: Mounting plugin CameraShakePreviewer
LogPluginManager: Mounting plugin OodleData
LogPluginManager: Mounting plugin OodleNetwork
LogPluginManager: Mounting plugin AssetManagerEditor
LogPluginManager: Mounting plugin CryptoKeys
LogPluginManager: Mounting plugin CurveEditorTools
LogPluginManager: Mounting plugin DataValidation
LogPluginManager: Mounting plugin GameplayTagsEditor
LogPluginManager: Mounting plugin GeometryMode
LogPluginManager: Mounting plugin MacGraphicsSwitching
LogPluginManager: Mounting plugin FacialAnimation
LogPluginManager: Mounting plugin MaterialAnalyzer
LogPluginManager: Mounting plugin MobileLauncherProfileWizard
LogPluginManager: Mounting plugin SpeedTreeImporter
LogPluginManager: Mounting plugin PluginBrowser
LogPluginManager: Mounting plugin AnimationSharing
LogPluginManager: Mounting plugin CLionSourceCodeAccess
LogPluginManager: Mounting plugin DatasmithContent
LogPluginManager: Mounting plugin Niagara
LogPluginManager: Mounting plugin LuminPlatformFeatures
LogPluginManager: Mounting plugin CodeLiteSourceCodeAccess
LogPluginManager: Mounting plugin AlembicImporter
LogPluginManager: Mounting plugin GitSourceControl
LogPluginManager: Mounting plugin KDevelopSourceCodeAccess
LogPluginManager: Mounting plugin MagicLeap
LogPluginManager: Mounting plugin AutomationUtils
LogPluginManager: Mounting plugin BackChannel
LogPluginManager: Mounting plugin PerforceSourceControl
LogPluginManager: Mounting plugin PixWinPlugin
LogPluginManager: Mounting plugin NullSourceCodeAccess
LogPluginManager: Mounting plugin ChaosClothEditor
LogPluginManager: Mounting plugin PlasticSourceControl
LogPluginManager: Mounting plugin PluginUtils
LogPluginManager: Mounting plugin PropertyAccessNode
LogPluginManager: Mounting plugin BlockoutToolsPlugin
LogPluginManager: Mounting plugin UdpMessaging
LogPluginManager: Mounting plugin TextureFormatOodle
LogPluginManager: Mounting plugin TcpMessaging
LogPluginManager: Mounting plugin RiderSourceCodeAccess
LogPluginManager: Mounting plugin ChaosCloth
LogPluginManager: Mounting plugin SubversionSourceControl
LogPluginManager: Mounting plugin UObjectPlugin
LogPluginManager: Mounting plugin VisualStudioCodeSourceCodeAccess
LogPluginManager: Mounting plugin VisualStudioSourceCodeAccess
LogPluginManager: Mounting plugin MagicLeapMedia
LogPluginManager: Mounting plugin MagicLeapLightEstimation
LogPluginManager: Mounting plugin MagicLeapPassableWorld
LogPluginManager: Mounting plugin AndroidMedia
LogPluginManager: Mounting plugin AvfMedia
LogPluginManager: Mounting plugin MLSDK
LogPluginManager: Mounting plugin ImgMedia
LogPluginManager: Mounting plugin XCodeSourceCodeAccess
LogPluginManager: Mounting plugin MediaPlayerEditor
LogPluginManager: Mounting plugin WebMMedia
LogPluginManager: Mounting plugin ActorSequence
LogPluginManager: Mounting plugin MatineeToLevelSequence
LogPluginManager: Mounting plugin TemplateSequence
LogPluginManager: Mounting plugin LauncherChunkInstaller
LogPluginManager: Mounting plugin WmfMedia
LogPluginManager: Mounting plugin LevelSequenceEditor
LogPluginManager: Mounting plugin ActorLayerUtilities
LogPluginManager: Mounting plugin AndroidMoviePlayer
LogPluginManager: Mounting plugin AndroidPermission
LogPluginManager: Mounting plugin AppleImageUtils
LogPluginManager: Mounting plugin AppleMoviePlayer
LogPluginManager: Mounting plugin ArchVisCharacter
LogPluginManager: Mounting plugin AssetTags
LogPluginManager: Mounting plugin AudioSynesthesia
LogPluginManager: Mounting plugin AudioCapture
LogPluginManager: Mounting plugin CableComponent
LogPluginManager: Mounting plugin ChunkDownloader
LogPluginManager: Mounting plugin CustomMeshComponent
LogPluginManager: Mounting plugin EditableMesh
LogPluginManager: Mounting plugin ExampleDeviceProfileSelector
LogPluginManager: Mounting plugin AndroidDeviceProfileSelector
LogPluginManager: Mounting plugin GoogleCloudMessaging
LogPluginManager: Mounting plugin GooglePAD
LogPluginManager: Mounting plugin ChaosEditor
LogPluginManager: Mounting plugin ChaosNiagara
LogPluginManager: Mounting plugin ChaosSolverPlugin
LogPluginManager: Mounting plugin VariantManagerContent
LogPluginManager: Mounting plugin CharacterAI
LogPluginManager: Mounting plugin IOSDeviceProfileSelector
LogPluginManager: Mounting plugin LinuxDeviceProfileSelector
LogPluginManager: Mounting plugin LocationServicesBPLibrary
LogPluginManager: Mounting plugin GeometryCache
LogPluginManager: Mounting plugin GeometryCollectionPlugin
LogPluginManager: Mounting plugin MobilePatchingUtils
LogPluginManager: Mounting plugin PhysXVehicles
LogPluginManager: Mounting plugin ScreenshotTools
LogPluginManager: Mounting plugin PostSplashScreen
LogPluginManager: Mounting plugin ProceduralMeshComponent
LogPluginManager: Mounting plugin PropertyAccessEditor
LogPluginManager: Mounting plugin GeometryProcessing
LogPluginManager: Mounting plugin RuntimePhysXCooking
LogPluginManager: Mounting plugin SignificanceManager
LogPluginManager: Mounting plugin SoundFields
LogPluginManager: Mounting plugin Synthesis
LogPluginManager: Mounting plugin WebMMoviePlayer
LogPluginManager: Mounting plugin WindowsMoviePlayer
LogPluginManager: Mounting plugin OnlineSubsystem
LogPluginManager: Mounting plugin OpenImageDenoise
LogPluginManager: Mounting plugin MotoSynth
LogPluginManager: Mounting plugin PlanarCut
LogPluginManager: Mounting plugin PlatformCrypto
LogPluginManager: Mounting plugin ProxyLODPlugin
LogPluginManager: Mounting plugin OnlineSubsystemNull
LogPluginManager: Mounting plugin PythonScriptPlugin
LogPluginManager: Mounting plugin OnlineSubsystemUtils
LogPluginManager: Mounting plugin SkeletalReduction
LogPluginManager: Mounting plugin MediaCompositing
LogPluginManager: Mounting plugin ContentBrowserClassDataSource
LogPluginManager: Mounting plugin ContentBrowserAssetDataSource
LogPluginManager: Mounting plugin ContentBrowserFileDataSource
LogPluginManager: Mounting plugin OnlineSubsystemGooglePlay
LogPluginManager: Mounting plugin OnlineSubsystemIOS
PixWinPlugin: PIX capture plugin failed to initialize! Check that the process is launched from PIX.
LogInit: Using libcurl 7.55.1-DEV
LogInit:  - built for x86_64-pc-win32
LogInit:  - supports SSL with OpenSSL/1.1.1
LogInit:  - supports HTTP deflate (compression) using libz 1.2.8
LogInit:  - other features:
LogInit:      CURL_VERSION_SSL
LogInit:      CURL_VERSION_LIBZ
LogInit:      CURL_VERSION_IPV6
LogInit:      CURL_VERSION_ASYNCHDNS
LogInit:      CURL_VERSION_LARGEFILE
LogInit:      CURL_VERSION_IDN
LogInit:  CurlRequestOptions (configurable via config and command line):
LogInit:  - bVerifyPeer = true  - Libcurl will verify peer certificate
LogInit:  - bUseHttpProxy = false  - Libcurl will NOT use HTTP proxy
LogInit:  - bDontReuseConnections = false  - Libcurl will reuse connections
LogInit:  - MaxHostConnections = 16  - Libcurl will limit the number of connections to a host
LogInit:  - LocalHostAddr = Default
LogInit:  - BufferSize = 65536
LogOnline: OSS: Creating online subsystem instance for: NULL
LogInit: WinSock: version 1.1 (2.2), MaxSocks=32767, MaxUdp=65467
LogOnline: OSS: TryLoadSubsystemAndSetDefault: Loaded subsystem for module [NULL]
LogInit: Build: ++UE4+Release-4.27-CL-18319896
LogInit: Engine Version: 4.27.2-18319896+++UE4+Release-4.27
LogInit: Compatible Engine Version: 4.27.0-17155196+++UE4+Release-4.27
LogInit: Net CL: 17155196
LogInit: OS: Windows 10 (Release 2009) (), CPU: Intel(R) Core(TM) i7-8750H CPU @ 2.20GHz, GPU: Intel(R) UHD Graphics 630
LogInit: Compiled (64-bit): Nov 30 2021 07:12:08
LogInit: Compiled with Visual C++: 19.24.28315.00
LogInit: Build Configuration: Development
LogInit: Branch Name: ++UE4+Release-4.27
LogInit: Command Line:  /Game/Levels/mainMenu2/MainMenu2 -game -PIEVIACONSOLE -Multiprocess GameUserSettingsINI=D:/LJ_Project_2/LJ_Project_2/JobProject/Saved/Config/Windows/PIEGameUserSettings0.ini -MultiprocessSaveConfig -forcepassthrough -messaging -SessionName="Play in Standalone Game" -windowed -WinX=600 -WinY=300 SAVEWINPOS=1 -ResX=710 -ResY=446
LogInit: Base Directory: D:/UE_4.27/Engine/Binaries/Win64/
LogInit: Allocator: TBB
LogInit: Installed Engine Build: 1
LogDevObjectVersion: Number of dev versions registered: 29
LogDevObjectVersion:   Dev-Blueprints (B0D832E4-1F89-4F0D-ACCF-7EB736FD4AA2): 10
LogDevObjectVersion:   Dev-Build (E1C64328-A22C-4D53-A36C-8E866417BD8C): 0
LogDevObjectVersion:   Dev-Core (375EC13C-06E4-48FB-B500-84F0262A717E): 4
LogDevObjectVersion:   Dev-Editor (E4B068ED-F494-42E9-A231-DA0B2E46BB41): 40
LogDevObjectVersion:   Dev-Framework (CFFC743F-43B0-4480-9391-14DF171D2073): 37
LogDevObjectVersion:   Dev-Mobile (B02B49B5-BB20-44E9-A304-32B752E40360): 3
LogDevObjectVersion:   Dev-Networking (A4E4105C-59A1-49B5-A7C5-40C4547EDFEE): 0
LogDevObjectVersion:   Dev-Online (39C831C9-5AE6-47DC-9A44-9C173E1C8E7C): 0
LogDevObjectVersion:   Dev-Physics (78F01B33-EBEA-4F98-B9B4-84EACCB95AA2): 14
LogDevObjectVersion:   Dev-Platform (6631380F-2D4D-43E0-8009-CF276956A95A): 0
LogDevObjectVersion:   Dev-Rendering (12F88B9F-8875-4AFC-A67C-D90C383ABD29): 45
LogDevObjectVersion:   Dev-Sequencer (7B5AE74C-D270-4C10-A958-57980B212A5A): 13
LogDevObjectVersion:   Dev-VR (D7296918-1DD6-4BDD-9DE2-64A83CC13884): 3
LogDevObjectVersion:   Dev-LoadTimes (C2A15278-BFE7-4AFE-6C17-90FF531DF755): 1
LogDevObjectVersion:   Private-Geometry (6EACA3D4-40EC-4CC1-B786-8BED09428FC5): 3
LogDevObjectVersion:   Dev-AnimPhys (29E575DD-E0A3-4627-9D10-D276232CDCEA): 17
LogDevObjectVersion:   Dev-Anim (AF43A65D-7FD3-4947-9873-3E8ED9C1BB05): 15
LogDevObjectVersion:   Dev-ReflectionCapture (6B266CEC-1EC7-4B8F-A30B-E4D90942FC07): 1
LogDevObjectVersion:   Dev-Automation (0DF73D61-A23F-47EA-B727-89E90C41499A): 1
LogDevObjectVersion:   FortniteMain (601D1886-AC64-4F84-AA16-D3DE0DEAC7D6): 47
LogDevObjectVersion:   FortniteRelease (E7086368-6B23-4C58-8439-1B7016265E91): 1
LogDevObjectVersion:   Dev-Enterprise (9DFFBCD6-494F-0158-E221-12823C92A888): 10
LogDevObjectVersion:   Dev-Niagara (F2AED0AC-9AFE-416F-8664-AA7FFA26D6FC): 1
LogDevObjectVersion:   Dev-Destruction (174F1F0B-B4C6-45A5-B13F-2EE8D0FB917D): 10
LogDevObjectVersion:   Dev-Physics-Ext (35F94A83-E258-406C-A318-09F59610247C): 41
LogDevObjectVersion:   Dev-PhysicsMaterial-Chaos (B68FC16E-8B1B-42E2-B453-215C058844FE): 1
LogDevObjectVersion:   Dev-CineCamera (B2E18506-4273-CFC2-A54E-F4BB758BBA07): 1
LogDevObjectVersion:   Dev-VirtualProduction (64F58936-FD1B-42BA-BA96-7289D5D0FA4E): 1
LogDevObjectVersion:   Dev-MediaFramework (6F0ED827-A609-4895-9C91-998D90180EA4): 2
LogInit: Presizing for max 25165824 objects, including 0 objects not considered by GC, pre-allocating 0 bytes for permanent pool.
LogConfig: Applying CVar settings from Section [/Script/Engine.StreamingSettings] File [D:/LJ_Project_2/LJ_Project_2/JobProject/Saved/Config/Windows/Engine.ini]
LogConfig: Setting CVar [[s.MinBulkDataSizeForAsyncLoading:131072]]
LogConfig: Setting CVar [[s.AsyncLoadingThreadEnabled:0]]
LogConfig: Setting CVar [[s.EventDrivenLoaderEnabled:1]]
LogConfig: Setting CVar [[s.WarnIfTimeLimitExceeded:0]]
LogConfig: Setting CVar [[s.TimeLimitExceededMultiplier:1.5]]
LogConfig: Setting CVar [[s.TimeLimitExceededMinTime:0.005]]
LogConfig: Setting CVar [[s.UseBackgroundLevelStreaming:1]]
LogConfig: Setting CVar [[s.PriorityAsyncLoadingExtraTime:15.0]]
LogConfig: Setting CVar [[s.LevelStreamingActorsUpdateTimeLimit:5.0]]
LogConfig: Setting CVar [[s.PriorityLevelStreamingActorsUpdateExtraTime:5.0]]
LogConfig: Setting CVar [[s.LevelStreamingComponentsRegistrationGranularity:10]]
LogConfig: Setting CVar [[s.UnregisterComponentsTimeLimit:1.0]]
LogConfig: Setting CVar [[s.LevelStreamingComponentsUnregistrationGranularity:5]]
LogConfig: Setting CVar [[s.FlushStreamingOnExit:1]]
LogInit: Object subsystem initialized
LogConfig: Setting CVar [[con.DebugEarlyDefault:1]]
LogConfig: Setting CVar [[r.setres:1280x720]]
[2022.03.21-03.31.54:105][  0]LogConfig: Setting CVar [[con.DebugEarlyDefault:1]]
[2022.03.21-03.31.54:105][  0]LogConfig: Setting CVar [[r.setres:1280x720]]
[2022.03.21-03.31.54:105][  0]LogConfig: Applying CVar settings from Section [/Script/Engine.RendererSettings] File [D:/LJ_Project_2/LJ_Project_2/JobProject/Saved/Config/Windows/Engine.ini]
[2022.03.21-03.31.54:105][  0]LogConfig: Setting CVar [[r.GPUCrashDebugging:0]]
[2022.03.21-03.31.54:105][  0]LogConfig: Applying CVar settings from Section [/Script/Engine.RendererOverrideSettings] File [D:/LJ_Project_2/LJ_Project_2/JobProject/Saved/Config/Windows/Engine.ini]
[2022.03.21-03.31.54:105][  0]LogConfig: Applying CVar settings from Section [/Script/Engine.StreamingSettings] File [D:/LJ_Project_2/LJ_Project_2/JobProject/Saved/Config/Windows/Engine.ini]
[2022.03.21-03.31.54:105][  0]LogConfig: Setting CVar [[s.MinBulkDataSizeForAsyncLoading:131072]]
[2022.03.21-03.31.54:105][  0]LogConfig: Setting CVar [[s.AsyncLoadingThreadEnabled:0]]
[2022.03.21-03.31.54:105][  0]LogConfig: Setting CVar [[s.EventDrivenLoaderEnabled:1]]
[2022.03.21-03.31.54:105][  0]LogConfig: Setting CVar [[s.WarnIfTimeLimitExceeded:0]]
[2022.03.21-03.31.54:105][  0]LogConfig: Setting CVar [[s.TimeLimitExceededMultiplier:1.5]]
[2022.03.21-03.31.54:105][  0]LogConfig: Setting CVar [[s.TimeLimitExceededMinTime:0.005]]
[2022.03.21-03.31.54:105][  0]LogConfig: Setting CVar [[s.UseBackgroundLevelStreaming:1]]
[2022.03.21-03.31.54:105][  0]LogConfig: Setting CVar [[s.PriorityAsyncLoadingExtraTime:15.0]]
[2022.03.21-03.31.54:105][  0]LogConfig: Setting CVar [[s.LevelStreamingActorsUpdateTimeLimit:5.0]]
[2022.03.21-03.31.54:105][  0]LogConfig: Setting CVar [[s.PriorityLevelStreamingActorsUpdateExtraTime:5.0]]
[2022.03.21-03.31.54:105][  0]LogConfig: Setting CVar [[s.LevelStreamingComponentsRegistrationGranularity:10]]
[2022.03.21-03.31.54:105][  0]LogConfig: Setting CVar [[s.UnregisterComponentsTimeLimit:1.0]]
[2022.03.21-03.31.54:105][  0]LogConfig: Setting CVar [[s.LevelStreamingComponentsUnregistrationGranularity:5]]
[2022.03.21-03.31.54:105][  0]LogConfig: Setting CVar [[s.FlushStreamingOnExit:1]]
[2022.03.21-03.31.54:105][  0]LogConfig: Applying CVar settings from Section [/Script/Engine.GarbageCollectionSettings] File [D:/LJ_Project_2/LJ_Project_2/JobProject/Saved/Config/Windows/Engine.ini]
[2022.03.21-03.31.54:105][  0]LogConfig: Setting CVar [[gc.MaxObjectsNotConsideredByGC:1]]
[2022.03.21-03.31.54:105][  0]LogConfig: Setting CVar [[gc.SizeOfPermanentObjectPool:0]]
[2022.03.21-03.31.54:105][  0]LogConfig: Setting CVar [[gc.FlushStreamingOnGC:0]]
[2022.03.21-03.31.54:105][  0]LogConfig: Setting CVar [[gc.NumRetriesBeforeForcingGC:10]]
[2022.03.21-03.31.54:105][  0]LogConfig: Setting CVar [[gc.AllowParallelGC:1]]
[2022.03.21-03.31.54:105][  0]LogConfig: Setting CVar [[gc.TimeBetweenPurgingPendingKillObjects:61.1]]
[2022.03.21-03.31.54:105][  0]LogConfig: Setting CVar [[gc.MaxObjectsInEditor:25165824]]
[2022.03.21-03.31.54:105][  0]LogConfig: Setting CVar [[gc.IncrementalBeginDestroyEnabled:1]]
[2022.03.21-03.31.54:105][  0]LogConfig: Setting CVar [[gc.CreateGCClusters:1]]
[2022.03.21-03.31.54:105][  0]LogConfig: Setting CVar [[gc.MinGCClusterSize:5]]
[2022.03.21-03.31.54:105][  0]LogConfig: Setting CVar [[gc.ActorClusteringEnabled:0]]
[2022.03.21-03.31.54:105][  0]LogConfig: Setting CVar [[gc.BlueprintClusteringEnabled:0]]
[2022.03.21-03.31.54:105][  0]LogConfig: Setting CVar [[gc.UseDisregardForGCOnDedicatedServers:0]]
[2022.03.21-03.31.54:105][  0]LogConfig: Setting CVar [[gc.MultithreadedDestructionEnabled:1]]
[2022.03.21-03.31.54:105][  0]LogConfig: Applying CVar settings from Section [/Script/Engine.NetworkSettings] File [D:/LJ_Project_2/LJ_Project_2/JobProject/Saved/Config/Windows/Engine.ini]
[2022.03.21-03.31.54:105][  0]LogConfig: Applying CVar settings from Section [/Script/UnrealEd.CookerSettings] File [D:/LJ_Project_2/LJ_Project_2/JobProject/Saved/Config/Windows/Engine.ini]
[2022.03.21-03.31.54:119][  0]LogConfig: Applying CVar settings from Section [ViewDistanceQuality@3] File [D:/LJ_Project_2/LJ_Project_2/JobProject/Saved/Config/Windows/Scalability.ini]
[2022.03.21-03.31.54:119][  0]LogConfig: Setting CVar [[r.SkeletalMeshLODBias:0]]
[2022.03.21-03.31.54:119][  0]LogConfig: Setting CVar [[r.ViewDistanceScale:1.0]]
[2022.03.21-03.31.54:119][  0]LogConfig: Applying CVar settings from Section [AntiAliasingQuality@3] File [D:/LJ_Project_2/LJ_Project_2/JobProject/Saved/Config/Windows/Scalability.ini]
[2022.03.21-03.31.54:119][  0]LogConfig: Setting CVar [[r.PostProcessAAQuality:4]]
[2022.03.21-03.31.54:119][  0]LogConfig: Applying CVar settings from Section [ShadowQuality@3] File [D:/LJ_Project_2/LJ_Project_2/JobProject/Saved/Config/Windows/Scalability.ini]
[2022.03.21-03.31.54:119][  0]LogConfig: Setting CVar [[r.LightFunctionQuality:1]]
[2022.03.21-03.31.54:119][  0]LogConfig: Setting CVar [[r.ShadowQuality:5]]
[2022.03.21-03.31.54:119][  0]LogConfig: Setting CVar [[r.Shadow.CSM.MaxCascades:10]]
[2022.03.21-03.31.54:119][  0]LogConfig: Setting CVar [[r.Shadow.MaxResolution:2048]]
[2022.03.21-03.31.54:119][  0]LogConfig: Setting CVar [[r.Shadow.MaxCSMResolution:2048]]
[2022.03.21-03.31.54:119][  0]LogConfig: Setting CVar [[r.Shadow.RadiusThreshold:0.01]]
[2022.03.21-03.31.54:119][  0]LogConfig: Setting CVar [[r.Shadow.DistanceScale:1.0]]
[2022.03.21-03.31.54:119][  0]LogConfig: Setting CVar [[r.Shadow.CSM.TransitionScale:1.0]]
[2022.03.21-03.31.54:119][  0]LogConfig: Setting CVar [[r.Shadow.PreShadowResolutionFactor:1.0]]
[2022.03.21-03.31.54:119][  0]LogConfig: Setting CVar [[r.DistanceFieldShadowing:1]]
[2022.03.21-03.31.54:119][  0]LogConfig: Setting CVar [[r.DistanceFieldAO:1]]
[2022.03.21-03.31.54:119][  0]LogConfig: Setting CVar [[r.AOQuality:2]]
[2022.03.21-03.31.54:119][  0]LogConfig: Setting CVar [[r.VolumetricFog:1]]
[2022.03.21-03.31.54:119][  0]LogConfig: Setting CVar [[r.VolumetricFog.GridPixelSize:8]]
[2022.03.21-03.31.54:119][  0]LogConfig: Setting CVar [[r.VolumetricFog.GridSizeZ:128]]
[2022.03.21-03.31.54:119][  0]LogConfig: Setting CVar [[r.VolumetricFog.HistoryMissSupersampleCount:4]]
[2022.03.21-03.31.54:119][  0]LogConfig: Setting CVar [[r.LightMaxDrawDistanceScale:1]]
[2022.03.21-03.31.54:119][  0]LogConfig: Setting CVar [[r.CapsuleShadows:1]]
[2022.03.21-03.31.54:119][  0]LogConfig: Applying CVar settings from Section [PostProcessQuality@3] File [D:/LJ_Project_2/LJ_Project_2/JobProject/Saved/Config/Windows/Scalability.ini]
[2022.03.21-03.31.54:119][  0]LogConfig: Setting CVar [[r.MotionBlurQuality:4]]
[2022.03.21-03.31.54:119][  0]LogConfig: Setting CVar [[r.AmbientOcclusionMipLevelFactor:0.4]]
[2022.03.21-03.31.54:119][  0]LogConfig: Setting CVar [[r.AmbientOcclusionMaxQuality:100]]
[2022.03.21-03.31.54:119][  0]LogConfig: Setting CVar [[r.AmbientOcclusionLevels:-1]]
[2022.03.21-03.31.54:119][  0]LogConfig: Setting CVar [[r.AmbientOcclusionRadiusScale:1.0]]
[2022.03.21-03.31.54:119][  0]LogConfig: Setting CVar [[r.DepthOfFieldQuality:2]]
[2022.03.21-03.31.54:119][  0]LogConfig: Setting CVar [[r.RenderTargetPoolMin:400]]
[2022.03.21-03.31.54:119][  0]LogConfig: Setting CVar [[r.LensFlareQuality:2]]
[2022.03.21-03.31.54:119][  0]LogConfig: Setting CVar [[r.SceneColorFringeQuality:1]]
[2022.03.21-03.31.54:119][  0]LogConfig: Setting CVar [[r.EyeAdaptationQuality:2]]
[2022.03.21-03.31.54:119][  0]LogConfig: Setting CVar [[r.BloomQuality:5]]
[2022.03.21-03.31.54:119][  0]LogConfig: Setting CVar [[r.FastBlurThreshold:100]]
[2022.03.21-03.31.54:119][  0]LogConfig: Setting CVar [[r.Upscale.Quality:3]]
[2022.03.21-03.31.54:119][  0]LogConfig: Setting CVar [[r.Tonemapper.GrainQuantization:1]]
[2022.03.21-03.31.54:119][  0]LogConfig: Setting CVar [[r.LightShaftQuality:1]]
[2022.03.21-03.31.54:119][  0]LogConfig: Setting CVar [[r.Filter.SizeScale:1]]
[2022.03.21-03.31.54:119][  0]LogConfig: Setting CVar [[r.Tonemapper.Quality:5]]
[2022.03.21-03.31.54:119][  0]LogConfig: Setting CVar [[r.DOF.Gather.AccumulatorQuality:1        ; higher gathering accumulator quality]]
[2022.03.21-03.31.54:119][  0]LogConfig: Setting CVar [[r.DOF.Gather.PostfilterMethod:1          ; Median3x3 postfilering method]]
[2022.03.21-03.31.54:120][  0]LogConfig: Setting CVar [[r.DOF.Gather.EnableBokehSettings:0       ; no bokeh simulation when gathering]]
[2022.03.21-03.31.54:120][  0]LogConfig: Setting CVar [[r.DOF.Gather.RingCount:4                 ; medium number of samples when gathering]]
[2022.03.21-03.31.54:120][  0]LogConfig: Setting CVar [[r.DOF.Scatter.ForegroundCompositing:1    ; additive foreground scattering]]
[2022.03.21-03.31.54:120][  0]LogConfig: Setting CVar [[r.DOF.Scatter.BackgroundCompositing:2    ; additive background scattering]]
[2022.03.21-03.31.54:120][  0]LogConfig: Setting CVar [[r.DOF.Scatter.EnableBokehSettings:1      ; bokeh simulation when scattering]]
[2022.03.21-03.31.54:120][  0]LogConfig: Setting CVar [[r.DOF.Scatter.MaxSpriteRatio:0.1         ; only a maximum of 10% of scattered bokeh]]
[2022.03.21-03.31.54:120][  0]LogConfig: Setting CVar [[r.DOF.Recombine.Quality:1                ; cheap slight out of focus]]
[2022.03.21-03.31.54:120][  0]LogConfig: Setting CVar [[r.DOF.Recombine.EnableBokehSettings:0    ; no bokeh simulation on slight out of focus]]
[2022.03.21-03.31.54:120][  0]LogConfig: Setting CVar [[r.DOF.TemporalAAQuality:1                ; more stable temporal accumulation]]
[2022.03.21-03.31.54:120][  0]LogConfig: Setting CVar [[r.DOF.Kernel.MaxForegroundRadius:0.025]]
[2022.03.21-03.31.54:120][  0]LogConfig: Setting CVar [[r.DOF.Kernel.MaxBackgroundRadius:0.025]]
[2022.03.21-03.31.54:120][  0]LogConfig: Applying CVar settings from Section [TextureQuality@3] File [D:/LJ_Project_2/LJ_Project_2/JobProject/Saved/Config/Windows/Scalability.ini]
[2022.03.21-03.31.54:120][  0]LogConfig: Setting CVar [[r.Streaming.MipBias:0]]
[2022.03.21-03.31.54:120][  0]LogConfig: Setting CVar [[r.Streaming.AmortizeCPUToGPUCopy:0]]
[2022.03.21-03.31.54:120][  0]LogConfig: Setting CVar [[r.Streaming.MaxNumTexturesToStreamPerFrame:0]]
[2022.03.21-03.31.54:120][  0]LogConfig: Setting CVar [[r.Streaming.Boost:1]]
[2022.03.21-03.31.54:120][  0]LogConfig: Setting CVar [[r.MaxAnisotropy:8]]
[2022.03.21-03.31.54:120][  0]LogConfig: Setting CVar [[r.VT.MaxAnisotropy:8]]
[2022.03.21-03.31.54:120][  0]LogConfig: Setting CVar [[r.Streaming.LimitPoolSizeToVRAM:0]]
[2022.03.21-03.31.54:120][  0]LogConfig: Setting CVar [[r.Streaming.PoolSize:1000]]
[2022.03.21-03.31.54:120][  0]LogConfig: Setting CVar [[r.Streaming.MaxEffectiveScreenSize:0]]
[2022.03.21-03.31.54:120][  0]LogConfig: Applying CVar settings from Section [EffectsQuality@3] File [D:/LJ_Project_2/LJ_Project_2/JobProject/Saved/Config/Windows/Scalability.ini]
[2022.03.21-03.31.54:120][  0]LogConfig: Setting CVar [[r.TranslucencyLightingVolumeDim:64]]
[2022.03.21-03.31.54:120][  0]LogConfig: Setting CVar [[r.RefractionQuality:2]]
[2022.03.21-03.31.54:120][  0]LogConfig: Setting CVar [[r.SSR.Quality:3]]
[2022.03.21-03.31.54:120][  0]LogConfig: Setting CVar [[r.SSR.HalfResSceneColor:0]]
[2022.03.21-03.31.54:120][  0]LogConfig: Setting CVar [[r.SceneColorFormat:4]]
[2022.03.21-03.31.54:120][  0]LogConfig: Setting CVar [[r.DetailMode:2]]
[2022.03.21-03.31.54:120][  0]LogConfig: Setting CVar [[r.TranslucencyVolumeBlur:1]]
[2022.03.21-03.31.54:120][  0]LogConfig: Setting CVar [[r.MaterialQualityLevel:1 ; High quality]]
[2022.03.21-03.31.54:120][  0]LogConfig: Setting CVar [[r.AnisotropicMaterials:1]]
[2022.03.21-03.31.54:120][  0]LogConfig: Setting CVar [[r.SSS.Scale:1]]
[2022.03.21-03.31.54:120][  0]LogConfig: Setting CVar [[r.SSS.SampleSet:2]]
[2022.03.21-03.31.54:120][  0]LogConfig: Setting CVar [[r.SSS.Quality:1]]
[2022.03.21-03.31.54:120][  0]LogConfig: Setting CVar [[r.SSS.HalfRes:0]]
[2022.03.21-03.31.54:120][  0]LogConfig: Setting CVar [[r.SSGI.Quality:3]]
[2022.03.21-03.31.54:120][  0]LogConfig: Setting CVar [[r.EmitterSpawnRateScale:1.0]]
[2022.03.21-03.31.54:120][  0]LogConfig: Setting CVar [[r.ParticleLightQuality:2]]
[2022.03.21-03.31.54:120][  0]LogConfig: Setting CVar [[r.SkyAtmosphere.AerialPerspectiveLUT.FastApplyOnOpaque:1 ; Always have FastSkyLUT 1 in this case to avoid wrong sky]]
[2022.03.21-03.31.54:120][  0]LogConfig: Setting CVar [[r.SkyAtmosphere.AerialPerspectiveLUT.SampleCountMaxPerSlice:4]]
[2022.03.21-03.31.54:120][  0]LogConfig: Setting CVar [[r.SkyAtmosphere.AerialPerspectiveLUT.DepthResolution:16.0]]
[2022.03.21-03.31.54:120][  0]LogConfig: Setting CVar [[r.SkyAtmosphere.FastSkyLUT:1]]
[2022.03.21-03.31.54:120][  0]LogConfig: Setting CVar [[r.SkyAtmosphere.FastSkyLUT.SampleCountMin:4.0]]
[2022.03.21-03.31.54:120][  0]LogConfig: Setting CVar [[r.SkyAtmosphere.FastSkyLUT.SampleCountMax:128.0]]
[2022.03.21-03.31.54:120][  0]LogConfig: Setting CVar [[r.SkyAtmosphere.SampleCountMin:4.0]]
[2022.03.21-03.31.54:120][  0]LogConfig: Setting CVar [[r.SkyAtmosphere.SampleCountMax:128.0]]
[2022.03.21-03.31.54:120][  0]LogConfig: Setting CVar [[r.SkyAtmosphere.TransmittanceLUT.UseSmallFormat:0]]
[2022.03.21-03.31.54:120][  0]LogConfig: Setting CVar [[r.SkyAtmosphere.TransmittanceLUT.SampleCount:10.0]]
[2022.03.21-03.31.54:120][  0]LogConfig: Setting CVar [[r.SkyAtmosphere.MultiScatteringLUT.SampleCount:15.0]]
[2022.03.21-03.31.54:120][  0]LogConfig: Setting CVar [[r.SkyLight.RealTimeReflectionCapture:1]]
[2022.03.21-03.31.54:120][  0]LogConfig: Applying CVar settings from Section [FoliageQuality@3] File [D:/LJ_Project_2/LJ_Project_2/JobProject/Saved/Config/Windows/Scalability.ini]
[2022.03.21-03.31.54:120][  0]LogConfig: Setting CVar [[foliage.DensityScale:1.0]]
[2022.03.21-03.31.54:120][  0]LogConfig: Setting CVar [[grass.DensityScale:1.0]]
[2022.03.21-03.31.54:120][  0]LogConfig: Applying CVar settings from Section [ShadingQuality@3] File [D:/LJ_Project_2/LJ_Project_2/JobProject/Saved/Config/Windows/Scalability.ini]
[2022.03.21-03.31.54:120][  0]LogConfig: Setting CVar [[r.HairStrands.SkyLighting.IntegrationType:2]]
[2022.03.21-03.31.54:120][  0]LogConfig: Setting CVar [[r.HairStrands.SkyAO.SampleCount:4]]
[2022.03.21-03.31.54:120][  0]LogConfig: Setting CVar [[r.HairStrands.Visibility.MSAA.SamplePerPixel:4]]
[2022.03.21-03.31.54:120][  0]LogInit: Selected Device Profile: [Windows]
[2022.03.21-03.31.54:120][  0]LogInit: Applying CVar settings loaded from the selected device profile: [Windows]
[2022.03.21-03.31.54:121][  0]LogHAL: Display: Platform has ~ 16 GB [17022296064 / 17179869184 / 16], which maps to Larger [LargestMinGB=32, LargerMinGB=12, DefaultMinGB=8, SmallerMinGB=6, SmallestMinGB=0)
[2022.03.21-03.31.54:121][  0]LogInit: Going up to parent DeviceProfile []
[2022.03.21-03.31.54:121][  0]LogConfig: Applying CVar settings from Section [ViewDistanceQuality@3] File [D:/LJ_Project_2/LJ_Project_2/JobProject/Saved/Config/Windows/Scalability.ini]
[2022.03.21-03.31.54:121][  0]LogConfig: Setting CVar [[r.SkeletalMeshLODBias:0]]
[2022.03.21-03.31.54:121][  0]LogConfig: Setting CVar [[r.ViewDistanceScale:1.0]]
[2022.03.21-03.31.54:121][  0]LogConfig: Applying CVar settings from Section [AntiAliasingQuality@3] File [D:/LJ_Project_2/LJ_Project_2/JobProject/Saved/Config/Windows/Scalability.ini]
[2022.03.21-03.31.54:121][  0]LogConfig: Setting CVar [[r.PostProcessAAQuality:4]]
[2022.03.21-03.31.54:121][  0]LogConfig: Applying CVar settings from Section [ShadowQuality@3] File [D:/LJ_Project_2/LJ_Project_2/JobProject/Saved/Config/Windows/Scalability.ini]
[2022.03.21-03.31.54:121][  0]LogConfig: Setting CVar [[r.LightFunctionQuality:1]]
[2022.03.21-03.31.54:121][  0]LogConfig: Setting CVar [[r.ShadowQuality:5]]
[2022.03.21-03.31.54:121][  0]LogConfig: Setting CVar [[r.Shadow.CSM.MaxCascades:10]]
[2022.03.21-03.31.54:121][  0]LogConfig: Setting CVar [[r.Shadow.MaxResolution:2048]]
[2022.03.21-03.31.54:121][  0]LogConfig: Setting CVar [[r.Shadow.MaxCSMResolution:2048]]
[2022.03.21-03.31.54:121][  0]LogConfig: Setting CVar [[r.Shadow.RadiusThreshold:0.01]]
[2022.03.21-03.31.54:121][  0]LogConfig: Setting CVar [[r.Shadow.DistanceScale:1.0]]
[2022.03.21-03.31.54:121][  0]LogConfig: Setting CVar [[r.Shadow.CSM.TransitionScale:1.0]]
[2022.03.21-03.31.54:121][  0]LogConfig: Setting CVar [[r.Shadow.PreShadowResolutionFactor:1.0]]
[2022.03.21-03.31.54:121][  0]LogConfig: Setting CVar [[r.DistanceFieldShadowing:1]]
[2022.03.21-03.31.54:121][  0]LogConfig: Setting CVar [[r.DistanceFieldAO:1]]
[2022.03.21-03.31.54:121][  0]LogConfig: Setting CVar [[r.AOQuality:2]]
[2022.03.21-03.31.54:121][  0]LogConfig: Setting CVar [[r.VolumetricFog:1]]
[2022.03.21-03.31.54:121][  0]LogConfig: Setting CVar [[r.VolumetricFog.GridPixelSize:8]]
[2022.03.21-03.31.54:121][  0]LogConfig: Setting CVar [[r.VolumetricFog.GridSizeZ:128]]
[2022.03.21-03.31.54:121][  0]LogConfig: Setting CVar [[r.VolumetricFog.HistoryMissSupersampleCount:4]]
[2022.03.21-03.31.54:121][  0]LogConfig: Setting CVar [[r.LightMaxDrawDistanceScale:1]]
[2022.03.21-03.31.54:121][  0]LogConfig: Setting CVar [[r.CapsuleShadows:1]]
[2022.03.21-03.31.54:121][  0]LogConfig: Applying CVar settings from Section [PostProcessQuality@3] File [D:/LJ_Project_2/LJ_Project_2/JobProject/Saved/Config/Windows/Scalability.ini]
[2022.03.21-03.31.54:121][  0]LogConfig: Setting CVar [[r.MotionBlurQuality:4]]
[2022.03.21-03.31.54:121][  0]LogConfig: Setting CVar [[r.AmbientOcclusionMipLevelFactor:0.4]]
[2022.03.21-03.31.54:121][  0]LogConfig: Setting CVar [[r.AmbientOcclusionMaxQuality:100]]
[2022.03.21-03.31.54:121][  0]LogConfig: Setting CVar [[r.AmbientOcclusionLevels:-1]]
[2022.03.21-03.31.54:121][  0]LogConfig: Setting CVar [[r.AmbientOcclusionRadiusScale:1.0]]
[2022.03.21-03.31.54:121][  0]LogConfig: Setting CVar [[r.DepthOfFieldQuality:2]]
[2022.03.21-03.31.54:121][  0]LogConfig: Setting CVar [[r.RenderTargetPoolMin:400]]
[2022.03.21-03.31.54:121][  0]LogConfig: Setting CVar [[r.LensFlareQuality:2]]
[2022.03.21-03.31.54:121][  0]LogConfig: Setting CVar [[r.SceneColorFringeQuality:1]]
[2022.03.21-03.31.54:121][  0]LogConfig: Setting CVar [[r.EyeAdaptationQuality:2]]
[2022.03.21-03.31.54:121][  0]LogConfig: Setting CVar [[r.BloomQuality:5]]
[2022.03.21-03.31.54:121][  0]LogConfig: Setting CVar [[r.FastBlurThreshold:100]]
[2022.03.21-03.31.54:121][  0]LogConfig: Setting CVar [[r.Upscale.Quality:3]]
[2022.03.21-03.31.54:121][  0]LogConfig: Setting CVar [[r.Tonemapper.GrainQuantization:1]]
[2022.03.21-03.31.54:121][  0]LogConfig: Setting CVar [[r.LightShaftQuality:1]]
[2022.03.21-03.31.54:121][  0]LogConfig: Setting CVar [[r.Filter.SizeScale:1]]
[2022.03.21-03.31.54:121][  0]LogConfig: Setting CVar [[r.Tonemapper.Quality:5]]
[2022.03.21-03.31.54:121][  0]LogConfig: Setting CVar [[r.DOF.Gather.AccumulatorQuality:1        ; higher gathering accumulator quality]]
[2022.03.21-03.31.54:121][  0]LogConfig: Setting CVar [[r.DOF.Gather.PostfilterMethod:1          ; Median3x3 postfilering method]]
[2022.03.21-03.31.54:121][  0]LogConfig: Setting CVar [[r.DOF.Gather.EnableBokehSettings:0       ; no bokeh simulation when gathering]]
[2022.03.21-03.31.54:121][  0]LogConfig: Setting CVar [[r.DOF.Gather.RingCount:4                 ; medium number of samples when gathering]]
[2022.03.21-03.31.54:121][  0]LogConfig: Setting CVar [[r.DOF.Scatter.ForegroundCompositing:1    ; additive foreground scattering]]
[2022.03.21-03.31.54:121][  0]LogConfig: Setting CVar [[r.DOF.Scatter.BackgroundCompositing:2    ; additive background scattering]]
[2022.03.21-03.31.54:121][  0]LogConfig: Setting CVar [[r.DOF.Scatter.EnableBokehSettings:1      ; bokeh simulation when scattering]]
[2022.03.21-03.31.54:121][  0]LogConfig: Setting CVar [[r.DOF.Scatter.MaxSpriteRatio:0.1         ; only a maximum of 10% of scattered bokeh]]
[2022.03.21-03.31.54:121][  0]LogConfig: Setting CVar [[r.DOF.Recombine.Quality:1                ; cheap slight out of focus]]
[2022.03.21-03.31.54:121][  0]LogConfig: Setting CVar [[r.DOF.Recombine.EnableBokehSettings:0    ; no bokeh simulation on slight out of focus]]
[2022.03.21-03.31.54:121][  0]LogConfig: Setting CVar [[r.DOF.TemporalAAQuality:1                ; more stable temporal accumulation]]
[2022.03.21-03.31.54:121][  0]LogConfig: Setting CVar [[r.DOF.Kernel.MaxForegroundRadius:0.025]]
[2022.03.21-03.31.54:121][  0]LogConfig: Setting CVar [[r.DOF.Kernel.MaxBackgroundRadius:0.025]]
[2022.03.21-03.31.54:121][  0]LogConfig: Applying CVar settings from Section [TextureQuality@3] File [D:/LJ_Project_2/LJ_Project_2/JobProject/Saved/Config/Windows/Scalability.ini]
[2022.03.21-03.31.54:121][  0]LogConfig: Setting CVar [[r.Streaming.MipBias:0]]
[2022.03.21-03.31.54:121][  0]LogConfig: Setting CVar [[r.Streaming.AmortizeCPUToGPUCopy:0]]
[2022.03.21-03.31.54:121][  0]LogConfig: Setting CVar [[r.Streaming.MaxNumTexturesToStreamPerFrame:0]]
[2022.03.21-03.31.54:121][  0]LogConfig: Setting CVar [[r.Streaming.Boost:1]]
[2022.03.21-03.31.54:121][  0]LogConfig: Setting CVar [[r.MaxAnisotropy:8]]
[2022.03.21-03.31.54:121][  0]LogConfig: Setting CVar [[r.VT.MaxAnisotropy:8]]
[2022.03.21-03.31.54:121][  0]LogConfig: Setting CVar [[r.Streaming.LimitPoolSizeToVRAM:0]]
[2022.03.21-03.31.54:121][  0]LogConfig: Setting CVar [[r.Streaming.PoolSize:1000]]
[2022.03.21-03.31.54:121][  0]LogConfig: Setting CVar [[r.Streaming.MaxEffectiveScreenSize:0]]
[2022.03.21-03.31.54:121][  0]LogConfig: Applying CVar settings from Section [EffectsQuality@3] File [D:/LJ_Project_2/LJ_Project_2/JobProject/Saved/Config/Windows/Scalability.ini]
[2022.03.21-03.31.54:121][  0]LogConfig: Setting CVar [[r.TranslucencyLightingVolumeDim:64]]
[2022.03.21-03.31.54:121][  0]LogConfig: Setting CVar [[r.RefractionQuality:2]]
[2022.03.21-03.31.54:122][  0]LogConfig: Setting CVar [[r.SSR.Quality:3]]
[2022.03.21-03.31.54:122][  0]LogConfig: Setting CVar [[r.SSR.HalfResSceneColor:0]]
[2022.03.21-03.31.54:122][  0]LogConfig: Setting CVar [[r.SceneColorFormat:4]]
[2022.03.21-03.31.54:122][  0]LogConfig: Setting CVar [[r.DetailMode:2]]
[2022.03.21-03.31.54:122][  0]LogConfig: Setting CVar [[r.TranslucencyVolumeBlur:1]]
[2022.03.21-03.31.54:122][  0]LogConfig: Setting CVar [[r.MaterialQualityLevel:1 ; High quality]]
[2022.03.21-03.31.54:122][  0]LogConfig: Setting CVar [[r.AnisotropicMaterials:1]]
[2022.03.21-03.31.54:122][  0]LogConfig: Setting CVar [[r.SSS.Scale:1]]
[2022.03.21-03.31.54:122][  0]LogConfig: Setting CVar [[r.SSS.SampleSet:2]]
[2022.03.21-03.31.54:122][  0]LogConfig: Setting CVar [[r.SSS.Quality:1]]
[2022.03.21-03.31.54:122][  0]LogConfig: Setting CVar [[r.SSS.HalfRes:0]]
[2022.03.21-03.31.54:122][  0]LogConfig: Setting CVar [[r.SSGI.Quality:3]]
[2022.03.21-03.31.54:122][  0]LogConfig: Setting CVar [[r.EmitterSpawnRateScale:1.0]]
[2022.03.21-03.31.54:122][  0]LogConfig: Setting CVar [[r.ParticleLightQuality:2]]
[2022.03.21-03.31.54:122][  0]LogConfig: Setting CVar [[r.SkyAtmosphere.AerialPerspectiveLUT.FastApplyOnOpaque:1 ; Always have FastSkyLUT 1 in this case to avoid wrong sky]]
[2022.03.21-03.31.54:122][  0]LogConfig: Setting CVar [[r.SkyAtmosphere.AerialPerspectiveLUT.SampleCountMaxPerSlice:4]]
[2022.03.21-03.31.54:122][  0]LogConfig: Setting CVar [[r.SkyAtmosphere.AerialPerspectiveLUT.DepthResolution:16.0]]
[2022.03.21-03.31.54:122][  0]LogConfig: Setting CVar [[r.SkyAtmosphere.FastSkyLUT:1]]
[2022.03.21-03.31.54:122][  0]LogConfig: Setting CVar [[r.SkyAtmosphere.FastSkyLUT.SampleCountMin:4.0]]
[2022.03.21-03.31.54:122][  0]LogConfig: Setting CVar [[r.SkyAtmosphere.FastSkyLUT.SampleCountMax:128.0]]
[2022.03.21-03.31.54:122][  0]LogConfig: Setting CVar [[r.SkyAtmosphere.SampleCountMin:4.0]]
[2022.03.21-03.31.54:122][  0]LogConfig: Setting CVar [[r.SkyAtmosphere.SampleCountMax:128.0]]
[2022.03.21-03.31.54:122][  0]LogConfig: Setting CVar [[r.SkyAtmosphere.TransmittanceLUT.UseSmallFormat:0]]
[2022.03.21-03.31.54:122][  0]LogConfig: Setting CVar [[r.SkyAtmosphere.TransmittanceLUT.SampleCount:10.0]]
[2022.03.21-03.31.54:122][  0]LogConfig: Setting CVar [[r.SkyAtmosphere.MultiScatteringLUT.SampleCount:15.0]]
[2022.03.21-03.31.54:122][  0]LogConfig: Setting CVar [[r.SkyLight.RealTimeReflectionCapture:1]]
[2022.03.21-03.31.54:122][  0]LogConfig: Applying CVar settings from Section [FoliageQuality@3] File [D:/LJ_Project_2/LJ_Project_2/JobProject/Saved/Config/Windows/Scalability.ini]
[2022.03.21-03.31.54:122][  0]LogConfig: Setting CVar [[foliage.DensityScale:1.0]]
[2022.03.21-03.31.54:122][  0]LogConfig: Setting CVar [[grass.DensityScale:1.0]]
[2022.03.21-03.31.54:122][  0]LogConfig: Applying CVar settings from Section [ShadingQuality@3] File [D:/LJ_Project_2/LJ_Project_2/JobProject/Saved/Config/Windows/Scalability.ini]
[2022.03.21-03.31.54:122][  0]LogConfig: Setting CVar [[r.HairStrands.SkyLighting.IntegrationType:2]]
[2022.03.21-03.31.54:122][  0]LogConfig: Setting CVar [[r.HairStrands.SkyAO.SampleCount:4]]
[2022.03.21-03.31.54:122][  0]LogConfig: Setting CVar [[r.HairStrands.Visibility.MSAA.SamplePerPixel:4]]
[2022.03.21-03.31.54:122][  0]LogConfig: Applying CVar settings from Section [Startup] File [../../../Engine/Config/ConsoleVariables.ini]
[2022.03.21-03.31.54:122][  0]LogConfig: Setting CVar [[net.UseAdaptiveNetUpdateFrequency:0]]
[2022.03.21-03.31.54:122][  0]LogConfig: Setting CVar [[p.chaos.AllowCreatePhysxBodies:1]]
[2022.03.21-03.31.54:122][  0]LogConfig: Setting CVar [[fx.SkipVectorVMBackendOptimizations:1]]
[2022.03.21-03.31.54:122][  0]LogConfig: Applying CVar settings from Section [ConsoleVariables] File [D:/LJ_Project_2/LJ_Project_2/JobProject/Saved/Config/Windows/Engine.ini]
[2022.03.21-03.31.54:122][  0]LogConfig: Applying CVar settings from Section [ConsoleVariables] File [D:/LJ_Project_2/LJ_Project_2/JobProject/Saved/Config/Windows/Editor.ini]
[2022.03.21-03.31.54:123][  0]LogInit: Computer: DESKTOP-DESKIB4
[2022.03.21-03.31.54:123][  0]LogInit: User: vinso
[2022.03.21-03.31.54:123][  0]LogInit: CPU Page size=4096, Cores=6
[2022.03.21-03.31.54:123][  0]LogInit: High frequency timer resolution =10.000000 MHz
[2022.03.21-03.31.54:123][  0]LogMemory: Memory total: Physical=15.9GB (16GB approx)
[2022.03.21-03.31.54:123][  0]LogMemory: Platform Memory Stats for Windows
[2022.03.21-03.31.54:123][  0]LogMemory: Process Physical Memory: 141.39 MB used, 141.39 MB peak
[2022.03.21-03.31.54:123][  0]LogMemory: Process Virtual Memory: 129.09 MB used, 129.09 MB peak
[2022.03.21-03.31.54:123][  0]LogMemory: Physical Memory: 8989.09 MB used,  7244.64 MB free, 16233.73 MB total
[2022.03.21-03.31.54:123][  0]LogMemory: Virtual Memory: 134202160.00 MB used,  15569.89 MB free, 134217728.00 MB total
[2022.03.21-03.31.54:132][  0]LogWindows: WindowsPlatformFeatures enabled
[2022.03.21-03.31.54:212][  0]LogInit: Physics initialised using underlying interface: PhysX
[2022.03.21-03.31.54:212][  0]LogInit: Using OS detected language (en-US).
[2022.03.21-03.31.54:212][  0]LogInit: Using OS detected locale (en-US).
[2022.03.21-03.31.54:215][  0]LogTextLocalizationManager: No specific localization for 'en-US' exists, so the 'en' localization will be used.
[2022.03.21-03.31.54:657][  0]LogWindowsTextInputMethodSystem: Display: IME system deactivated.
[2022.03.21-03.31.54:697][  0]LogSlate: New Slate User Created.  User Index 0, Is Virtual User: 0
[2022.03.21-03.31.54:697][  0]LogSlate: Slate User Registered.  User Index 0, Is Virtual User: 0
[2022.03.21-03.31.54:722][  0]LogD3D11RHI: Loaded GFSDK_Aftermath_Lib.x64.dll
[2022.03.21-03.31.54:817][  0]LogD3D11RHI: D3D11 min allowed feature level: 11_0
[2022.03.21-03.31.54:817][  0]LogD3D11RHI: D3D11 max allowed feature level: 11_0
[2022.03.21-03.31.54:817][  0]LogD3D11RHI: D3D11 adapters:
[2022.03.21-03.31.54:933][  0]LogD3D11RHI:    0. 'NVIDIA GeForce RTX 2060' (Feature Level 11_0)
[2022.03.21-03.31.54:933][  0]LogD3D11RHI:       5980/0/8116 MB DedicatedVideo/DedicatedSystem/SharedSystem, Outputs:1, VendorId:0x10de
[2022.03.21-03.31.54:949][  0]LogD3D11RHI:    1. 'Intel(R) UHD Graphics 630' (Feature Level 11_0)
[2022.03.21-03.31.54:950][  0]LogD3D11RHI:       128/0/8116 MB DedicatedVideo/DedicatedSystem/SharedSystem, Outputs:0, VendorId:0x8086
[2022.03.21-03.31.54:952][  0]LogD3D11RHI:    2. 'Microsoft Basic Render Driver' (Feature Level 11_0)
[2022.03.21-03.31.54:952][  0]LogD3D11RHI:       0/0/8116 MB DedicatedVideo/DedicatedSystem/SharedSystem, Outputs:0, VendorId:0x1414
[2022.03.21-03.31.54:952][  0]LogD3D11RHI: Chosen D3D11 Adapter:
[2022.03.21-03.31.54:952][  0]LogD3D11RHI:     Description : NVIDIA GeForce RTX 2060
[2022.03.21-03.31.54:952][  0]LogD3D11RHI:     VendorId    : 10de
[2022.03.21-03.31.54:952][  0]LogD3D11RHI:     DeviceId    : 1f11
[2022.03.21-03.31.54:952][  0]LogD3D11RHI:     SubSysId    : 1fae1043
[2022.03.21-03.31.54:952][  0]LogD3D11RHI:     Revision    : 00a1
[2022.03.21-03.31.54:952][  0]LogD3D11RHI:     DedicatedVideoMemory : 6270484480 bytes
[2022.03.21-03.31.54:952][  0]LogD3D11RHI:     DedicatedSystemMemory : 0 bytes
[2022.03.21-03.31.54:952][  0]LogD3D11RHI:     SharedSystemMemory : 8511148032 bytes
[2022.03.21-03.31.54:952][  0]LogD3D11RHI:     AdapterLuid : 0 70882
[2022.03.21-03.31.54:960][  0]LogD3D11RHI: Creating new Direct3DDevice
[2022.03.21-03.31.54:960][  0]LogD3D11RHI:     GPU DeviceId: 0x1f11 (for the marketing name, search the web for "GPU Device Id")
[2022.03.21-03.31.54:960][  0]LogWindows: EnumDisplayDevices:
[2022.03.21-03.31.54:960][  0]LogWindows:    0. 'Intel(R) UHD Graphics 630' (P:1 D:1)
[2022.03.21-03.31.54:960][  0]LogWindows:    1. 'Intel(R) UHD Graphics 630' (P:0 D:0)
[2022.03.21-03.31.54:961][  0]LogWindows:    2. 'Intel(R) UHD Graphics 630' (P:0 D:0)
[2022.03.21-03.31.54:961][  0]LogWindows:    3. 'NVIDIA GeForce RTX 2060' (P:0 D:0)
[2022.03.21-03.31.54:961][  0]LogWindows:    4. 'NVIDIA GeForce RTX 2060' (P:0 D:0)
[2022.03.21-03.31.54:961][  0]LogWindows:    5. 'NVIDIA GeForce RTX 2060' (P:0 D:0)
[2022.03.21-03.31.54:961][  0]LogWindows:    6. 'NVIDIA GeForce RTX 2060' (P:0 D:0)
[2022.03.21-03.31.54:962][  0]LogWindows: DebugString: PrimaryIsNotTheChoosenAdapter PrimaryIsNotTheChoosenAdapter PrimaryIsNotTheChoosenAdapter FoundDriverCount:4 
[2022.03.21-03.31.54:962][  0]LogD3D11RHI:     Adapter Name: NVIDIA GeForce RTX 2060
[2022.03.21-03.31.54:962][  0]LogD3D11RHI:   Driver Version: 511.65 (internal:30.0.15.1165, unified:511.65)
[2022.03.21-03.31.54:962][  0]LogD3D11RHI:      Driver Date: 1-28-2022
[2022.03.21-03.31.54:962][  0]LogRHI: Texture pool is 4186 MB (70% of 5980 MB)
[2022.03.21-03.31.54:962][  0]LogD3D11RHI: Creating D3DDevice using adapter:
[2022.03.21-03.31.54:962][  0]LogD3D11RHI:     Description : NVIDIA GeForce RTX 2060
[2022.03.21-03.31.54:962][  0]LogD3D11RHI:     VendorId    : 10de
[2022.03.21-03.31.54:962][  0]LogD3D11RHI:     DeviceId    : 1f11
[2022.03.21-03.31.54:962][  0]LogD3D11RHI:     SubSysId    : 1fae1043
[2022.03.21-03.31.54:962][  0]LogD3D11RHI:     Revision    : 00a1
[2022.03.21-03.31.54:962][  0]LogD3D11RHI:     DedicatedVideoMemory : 6270484480 bytes
[2022.03.21-03.31.54:962][  0]LogD3D11RHI:     DedicatedSystemMemory : 0 bytes
[2022.03.21-03.31.54:962][  0]LogD3D11RHI:     SharedSystemMemory : 8511148032 bytes
[2022.03.21-03.31.54:962][  0]LogD3D11RHI:     AdapterLuid : 0 70882
[2022.03.21-03.31.55:025][  0]LogD3D11RHI: RHI has support for 64 bit atomics
[2022.03.21-03.31.55:025][  0]LogD3D11RHI: Async texture creation enabled
[2022.03.21-03.31.55:025][  0]LogD3D11RHI: Array index from any shader is supported
[2022.03.21-03.31.55:048][  0]LogD3D11RHI: GPU Timing Frequency: 1000.000000 (Debug: 2 1)
[2022.03.21-03.31.55:087][  0]LogRHI: GeForceNow SDK initialized: 1
[2022.03.21-03.31.55:383][  0]LogTargetPlatformManager: Display: Loaded TargetPlatform 'WindowsNoEditor'
[2022.03.21-03.31.55:388][  0]LogTargetPlatformManager: Display: Loaded TargetPlatform 'Windows'
[2022.03.21-03.31.55:393][  0]LogTargetPlatformManager: Display: Loaded TargetPlatform 'WindowsClient'
[2022.03.21-03.31.55:398][  0]LogTargetPlatformManager: Display: Loaded TargetPlatform 'WindowsServer'
[2022.03.21-03.31.55:398][  0]LogTargetPlatformManager: Display: Building Assets For Windows
[2022.03.21-03.31.55:406][  0]LogAudioDebug: Display: Lib vorbis DLL was dynamically loaded.
[2022.03.21-03.31.55:436][  0]LogTextureFormatOodle: Display: Oodle Texture 2.9.0 init RDO Off
[2022.03.21-03.31.55:471][  0]LogRendererCore: Ray tracing is disabled. Reason: r.RayTracing=0.
[2022.03.21-03.31.55:471][  0]LogShaderCompilers: Guid format shader working directory is -3 characters bigger than the processId version (../../../../LJ_Project_2/LJ_Project_2/JobProject/Intermediate/Shaders/WorkingDirectory/15472/).
[2022.03.21-03.31.55:471][  0]LogShaderCompilers: Cleaned the shader compiler working directory 'C:/Users/vinso/AppData/Local/Temp/UnrealShaderWorkingDir/A31C0A9A49336360309C96AEC1AB67EE/'.
[2022.03.21-03.31.55:472][  0]LogShaderCompilers: Display: Using XGE Controller for Shader Compilation.
[2022.03.21-03.31.56:232][  0]LogDerivedDataCache: Display: Max Cache Size: 512 MB
[2022.03.21-03.31.56:299][  0]LogDerivedDataCache: Loaded boot cache 0.07s 94MB C:/Users/vinso/AppData/Local/UnrealEngine/4.27/DerivedDataCache/Boot.ddc.
[2022.03.21-03.31.56:299][  0]LogDerivedDataCache: Display: Loaded Boot cache: C:/Users/vinso/AppData/Local/UnrealEngine/4.27/DerivedDataCache/Boot.ddc
[2022.03.21-03.31.56:299][  0]LogDerivedDataCache: FDerivedDataBackendGraph:  Pak pak cache file ../../../../LJ_Project_2/LJ_Project_2/JobProject/DerivedDataCache/DDC.ddp not found, will not use a pak cache.
[2022.03.21-03.31.56:299][  0]LogDerivedDataCache: Unable to find inner node Pak for hierarchical cache Hierarchy.
[2022.03.21-03.31.56:299][  0]LogDerivedDataCache: FDerivedDataBackendGraph:  CompressedPak pak cache file ../../../../LJ_Project_2/LJ_Project_2/JobProject/DerivedDataCache/Compressed.ddp not found, will not use a pak cache.
[2022.03.21-03.31.56:299][  0]LogDerivedDataCache: Unable to find inner node CompressedPak for hierarchical cache Hierarchy.
[2022.03.21-03.31.56:315][  0]LogDerivedDataCache: Display: Pak cache opened for reading ../../../Engine/DerivedDataCache/Compressed.ddp.
[2022.03.21-03.31.56:315][  0]LogDerivedDataCache: FDerivedDataBackendGraph:  EnterprisePak pak cache file ../../../Enterprise/DerivedDataCache/Compressed.ddp not found, will not use a pak cache.
[2022.03.21-03.31.56:315][  0]LogDerivedDataCache: Unable to find inner node EnterprisePak for hierarchical cache Hierarchy.
[2022.03.21-03.31.56:323][  0]LogDerivedDataCache: Speed tests for C:/Users/vinso/AppData/Local/UnrealEngine/Common/DerivedDataCache took 0.01 seconds
[2022.03.21-03.31.56:323][  0]LogDerivedDataCache: Display: Performance to C:/Users/vinso/AppData/Local/UnrealEngine/Common/DerivedDataCache: Latency=0.02ms. RandomReadSpeed=1536.42MBs, RandomWriteSpeed=149.03MBs. Assigned SpeedClass 'Local'
[2022.03.21-03.31.56:324][  0]LogDerivedDataCache: Using Local data cache path C:/Users/vinso/AppData/Local/UnrealEngine/Common/DerivedDataCache: Writable
[2022.03.21-03.31.56:324][  0]LogDerivedDataCache: Shared data cache path not found in *engine.ini, will not use an Shared cache.
[2022.03.21-03.31.56:324][  0]LogDerivedDataCache: Unable to find inner node Shared for hierarchical cache Hierarchy.
[2022.03.21-03.31.56:367][  0]LogSlate: Using FreeType 2.10.0
[2022.03.21-03.31.56:368][  0]LogSlate: SlateFontServices - WITH_FREETYPE: 1, WITH_HARFBUZZ: 1
[2022.03.21-03.31.56:478][  0]LogInit: Using OS detected language (en-US).
[2022.03.21-03.31.56:478][  0]LogInit: Using OS detected locale (en-US).
[2022.03.21-03.31.56:478][  0]LogTextLocalizationManager: No localization for 'en-US' exists, so 'en' will be used for the language.
[2022.03.21-03.31.56:478][  0]LogTextLocalizationManager: No localization for 'en-US' exists, so 'en' will be used for the locale.
[2022.03.21-03.31.56:479][  0]LogSlate: FontCache flush requested. Reason: Culture for localization was changed
[2022.03.21-03.31.56:479][  0]LogSlate: FontCache flush requested. Reason: Culture for localization was changed
[2022.03.21-03.31.56:486][  0]LogAssetRegistry: FAssetRegistry took 0.0041 seconds to start up
[2022.03.21-03.31.56:715][  0]LogTextLocalizationManager: Compacting localization data took   0.01ms
[2022.03.21-03.31.56:715][  0]LogPackageLocalizationCache: Processed 21 localized package path(s) for 1 prioritized culture(s) in 0.000763 seconds
[2022.03.21-03.31.56:772][  0]LogInit: Selected Device Profile: [Windows]
[2022.03.21-03.31.56:773][  0]LogInit: Active device profile: [000002120D72AC00][0000021204D18A40 49] Windows
[2022.03.21-03.31.56:773][  0]LogInit: Profiles: [000002120D72AC00][0000021204D18A40 49] Windows, [000002120D6DD600][0000021204D20BC0 49] WindowsNoEditor, [000002120D729600][0000021204D24D40 49] WindowsServer, [000002120D6DE300][0000021205602EC0 49] WindowsClient, [000002120D72A200][0000021205607040 49] IOS, [000002120D6DFC00][000002120560B1C0 49] iPadAir, [000002120D72BF00][000002120560F340 49] iPadAir2, [000002120E67EB00][0000021204D1D5C0 49] IPadPro, [000002120E67EC00][0000021205613600 49] iPadAir3, [000002120D72A400][0000021205617740 49] iPadAir4, [000002120E67F500][000002120561B880 49] iPadMini2, [000002120D729900][0000021205623A00 49] iPadMini3, [000002120E67D000][0000021205627B80 49] iPadMini4, [000002120D728900][000002120562A180 49] iPadMini5, [000002120D6CA400][0000021205632440 49] iPhone6, [000002120D6CA500][000002120562E480 49] iPodTouch6, [000002120E67DE00][000002120563A740 49] iPhone7, [000002120E67DF00][0000021205636780 49] iPodTouch7, [000002120D6CAD00][0000021204C70900 49] iPhone5S, [000002120E67CA00][0000021204C74A80 49] iPhone6Plus, [000002120D6C9000][0000021204C78C00 49] iPhone6S, [000002120E67F800][0000021204C7CD80 49] iPhone6SPlus, [000002120D6CA900][0000021204C80F00 49] iPhone7Plus, [000002120E67E700][0000021204C85080 49] iPhoneSE, [000002120D6CAF00][0000021204C89200 49] iPhone8, [000002120E67D200][0000021204C8D380 49] iPhone8Plus, [000002120D6C8100][0000021204C91500 49] iPhoneX, [000002120E67D400][0000021204C95680 49] iPhoneXS, [000002120D6CBD00][000002120561F7C0 49] iPhoneXSMax, [000002120E67FE00][0000021204C99900 49] iPhoneXR, [000002120D6C9600][0000021204C9DA40 49] iPhone11, [000002120E67F100][0000021204CA5BC0 49] iPhone11Pro, [000002120D6CBC00][0000021204CA81C0 49] iPhone11ProMax, [000002120E67D800][0000021204CAC340 49] iPhoneSE2, [000002120D6C9400][00000212058024C0 49] iPhone12Mini, [000002120E67FB00][0000021205806640 49] iPhone12, [000002120D6C8500][000002120580A7C0 49] iPhone12Pro, [000002120E67D300][000002120580E940 49] iPhone12ProMax, [000002120D6CB200][0000021205812AC0 49] iPadPro105, [000002120E67F000][0000021205816C40 49] iPadPro129, [000002120D6C9D00][000002120581ADC0 49] iPadPro97, [000002120E67CC00][000002120581EF40 49] iPadPro2_129, [000002120D6CA700][00000212058230C0 49] iPad5, [000002120E67D700][0000021205827240 49] iPad6, [000002120D6CA000][000002120582B3C0 49] iPad7, [000002120E67E900][000002120582F540 49] iPad8, [000002120D6CBF00][00000212058336C0 49] iPadPro11, [000002120E67EF00][0000021205837840 49] iPadPro2_11, [000002120D6CB100][0000021204CA1980 49] iPadPro3_129, [000002120E67F400][000002120583BAC0 49] iPadPro4_129, [000002120D6DD700][000002120583FC00 49] AppleTV, [000002120D75D800][00000212058421C0 49] AppleTV4K, [000002120D6DF800][000002120584A340 49] TVOS, [000002120D75C400][0000021204F324C0 49] Mac, [000002120D6DCD00][0000021204F36640 49] MacClient, [000002120D75D000][0000021204F3A7C0 49] MacNoEditor, [000002120D6DE400][0000021204F3E940 49] MacServer, [000002120D75CB00][0000021204F42AC0 49] Linux, [000002120D6DFF00][0000021204F46C40 49] LinuxAArch64, [000002120D75D900][0000021204F4ADC0 49] LinuxNoEditor, [000002120D6DDE00][0000021204F4EF40 49] LinuxAArch64NoEditor, [000002120D75CF00][0000021204F530C0 49] LinuxClient, [000002120D6DEC00][0000021204F57240 49] LinuxAArch64Client, [000002120D75CA00][0000021204F5B3C0 49] LinuxServer, [000002120D6DCC00][0000021204F5F540 49] LinuxAArch64Server, [000002120D75DF00][0000021204F636C0 49] Android, [000002120D6DD000][0000021204F67840 49] Android_Low, [000002120D6CB800][0000021204F6B9C0 49] Android_Mid, [000002120E67C600][0000021205847B00 49] Android_High, [000002120D6CBA00][0000021204F6E0C0 49] Android_Default, [000002120E67FD00][0000021204F72200 49] Android_Adreno4xx, [000002120D6C8600][0000021204F76340 49] Android_Adreno5xx_Low, [000002120E67C900][0000021204F7E4C0 49] Android_Adreno5xx, [000002120D6CAB00][0000021204F82640 49] Android_Adreno6xx, [000002120E67CF00][0000021204F867C0 49] Android_Adreno6xx_Vulkan, [000002120D6CB700][0000021204F8A940 49] Android_Mali_T6xx, [000002120E67DC00][0000021204F8EAC0 49] Android_Mali_T7xx, [000002120D6C8300][0000021204F92C40 49] Android_Mali_T8xx, [000002120E67E600][0000021204F96DC0 49] Android_Mali_G71, [000002120D6C8C00][0000021204F9AF40 49] Android_Mali_G72, [000002120E67E300][0000021204F9F0C0 49] Android_Mali_G72_Vulkan, [000002120D6CB900][0000021204FA3240 49] Android_Mali_G76, [000002120E67C300][0000021204FA73C0 49] Android_Mali_G76_Vulkan, [000002120D6C9200][0000021204FAB540 49] Android_Mali_G77, [000002120D75D100][0000021204FAF6C0 49] Android_Mali_G77_Vulkan, [000002120D6C9E00][0000021204FB3840 49] Android_Mali_G78, [000002120D75DA00][0000021204FB79C0 49] Android_Mali_G78_Vulkan, [000002120D6CAE00][0000021204FBBB40 49] Android_Mali_G710, [000002120D75D200][0000021204FBE140 49] Android_Mali_G710_Vulkan, [000002120D6C8800][0000021204F7A280 49] Android_Vulkan_SM5, [000002120D75C900][0000021204FC23C0 49] Android_PowerVR_G6xxx, [000002120D6CB300][0000021204FC6500 49] Android_PowerVR_GT7xxx, [000002120E67DB00][0000021204FCE680 49] Android_PowerVR_GE8xxx, [000002120D6CBB00][0000021204FD2800 49] Android_PowerVR_GM9xxx, [000002120E67E000][0000021204FD6980 49] Android_PowerVR_GM9xxx_Vulkan, [000002120D6CA200][0000021204FDAB00 49] Android_TegraK1, [000002120E67DD00][0000021204FDEC80 49] Android_Unknown_Vulkan, [000002120D6C9500][0000021204FE2E00 49] Lumin, [000002120E67D600][0000021204FE6F80 49] Lumin_Desktop, [000002120D6C8B00][0000021204FEB100 49] HoloLens, 
[2022.03.21-03.31.56:899][  0]LogMeshReduction: Using QuadricMeshReduction for automatic static mesh reduction
[2022.03.21-03.31.56:899][  0]LogMeshReduction: Using SimplygonMeshReduction for automatic skeletal mesh reduction
[2022.03.21-03.31.56:899][  0]LogMeshReduction: Using ProxyLODMeshReduction for automatic mesh merging
[2022.03.21-03.31.56:899][  0]LogMeshReduction: No distributed automatic mesh merging module available
[2022.03.21-03.31.56:899][  0]LogMeshMerging: No distributed automatic mesh merging module available
[2022.03.21-03.31.56:922][  0]LogNetVersion: JobProject 1.0.0, NetCL: 17155196, EngineNetVer: 17, GameNetVer: 0 (Checksum: 2792963805)
[2022.03.21-03.31.57:137][  0]LogTexture: Default maximum texture size for cubemaps generated from long-lat sources has been changed from 512 to unlimited. In order to preserve old behaiour for '/Engine/MapTemplates/Sky/DaylightAmbientCubemap.DaylightAmbientCubemap', its maximum texture size has been explicitly set to 512.
[2022.03.21-03.31.57:285][  0]LogMoviePlayer: Initializing movie player
[2022.03.21-03.31.57:385][  0]LogNiagaraDebuggerClient: Niagara Debugger Client Initialized | Session: 30C0A5F54E3E90B2F6F7178D3A4FF1B6 | Instance: 516D0FAE408620E4A657CC9AF1996726 (DESKTOP-DESKIB4-15472).
[2022.03.21-03.31.57:403][  0]LogCollectionManager: Loaded 0 collections in 0.000637 seconds
[2022.03.21-03.31.57:404][  0]LogFileCache: Scanning file cache for directory 'D:/LJ_Project_2/LJ_Project_2/JobProject/Saved/Collections/' took 0.00s
[2022.03.21-03.31.57:404][  0]LogFileCache: Scanning file cache for directory 'D:/LJ_Project_2/LJ_Project_2/JobProject/Content/Developers/vinso/Collections/' took 0.00s
[2022.03.21-03.31.57:404][  0]LogFileCache: Scanning file cache for directory 'D:/LJ_Project_2/LJ_Project_2/JobProject/Content/Collections/' took 0.00s
[2022.03.21-03.31.57:404][  0]LogCollectionManager: Fixed up redirectors for 0 collections in 0.000002 seconds (updated 0 objects)
[2022.03.21-03.31.57:503][  0]LogUdpMessaging: Initializing bridge on interface 0.0.0.0:0 to multicast group 230.0.0.1:6666.
[2022.03.21-03.31.57:509][  0]LogTcpMessaging: Initializing TcpMessaging bridge
[2022.03.21-03.31.57:554][  0]LogPython: Using Python 3.7.7
[2022.03.21-03.31.58:018][  0]SourceControl: Source control is disabled
[2022.03.21-03.31.58:018][  0]SourceControl: Source control is disabled
[2022.03.21-03.31.58:043][  0]SourceControl: Source control is disabled
[2022.03.21-03.31.58:049][  0]LogUProjectInfo: Found projects:
[2022.03.21-03.31.58:081][  0]LogAndroidPermission: UAndroidPermissionCallbackProxy::GetInstance
[2022.03.21-03.31.58:103][  0]LogAudioCaptureCore: Display: No Audio Capture implementations found. Audio input will be silent.
[2022.03.21-03.31.58:103][  0]LogAudioCaptureCore: Display: No Audio Capture implementations found. Audio input will be silent.
[2022.03.21-03.31.58:221][  0]LogOpenImageDenoise: OIDN starting up
[2022.03.21-03.31.58:235][  0]LogUObjectArray: 21531 objects as part of root set at end of initial load.
[2022.03.21-03.31.58:235][  0]LogUObjectAllocator: 5768000 out of 0 bytes used by permanent object pool.
[2022.03.21-03.31.58:235][  0]LogUObjectArray: CloseDisregardForGC: 0/0 objects in disregard for GC pool
[2022.03.21-03.31.58:283][  0]LogEngine: Initializing Engine...
[2022.03.21-03.31.58:284][  0]LogMagicLeap: Warning: VR disabled because ZI is not enabled.  To enable, in the editor, Edit -> Project Settings -> Plugins -> Magic Leap Plugin -> Enable Zero Iteration
[2022.03.21-03.31.58:286][  0]LogStats: UGameplayTagsManager::InitializeManager -  0.000 s
[2022.03.21-03.31.58:397][  0]LogInit: Initializing FReadOnlyCVARCache
[2022.03.21-03.31.58:397][  0]LogAudio: Display: Initializing Audio Device Manager...
[2022.03.21-03.31.58:402][  0]LogAudio: Display: Loading Default Audio Settings Objects...
[2022.03.21-03.31.58:402][  0]LogAudio: Display: No default SoundConcurrencyObject specified (or failed to load).
[2022.03.21-03.31.58:402][  0]LogAudio: Display: Audio Device Manager Initialized
[2022.03.21-03.31.58:402][  0]LogAudio: Display: Creating Audio Device:                 Id: 1, Scope: Shared, Realtime: True
[2022.03.21-03.31.58:403][  0]LogAudioMixer: Display: Audio Mixer Platform Settings:
[2022.03.21-03.31.58:403][  0]LogAudioMixer: Display: 	Sample Rate:						  48000
[2022.03.21-03.31.58:403][  0]LogAudioMixer: Display: 	Callback Buffer Frame Size Requested: 1024
[2022.03.21-03.31.58:403][  0]LogAudioMixer: Display: 	Callback Buffer Frame Size To Use:	  1024
[2022.03.21-03.31.58:403][  0]LogAudioMixer: Display: 	Number of buffers to queue:			  2
[2022.03.21-03.31.58:403][  0]LogAudioMixer: Display: 	Max Channels (voices):				  32
[2022.03.21-03.31.58:403][  0]LogAudioMixer: Display: 	Number of Async Source Workers:		  0
[2022.03.21-03.31.58:403][  0]LogAudio: Display: AudioDevice MaxSources: 32
[2022.03.21-03.31.58:403][  0]LogAudio: Display: Audio Spatialization Plugin: None (built-in).
[2022.03.21-03.31.58:403][  0]LogAudio: Display: Audio Reverb Plugin: None (built-in).
[2022.03.21-03.31.58:403][  0]LogAudio: Display: Audio Occlusion Plugin: None (built-in).
[2022.03.21-03.31.58:403][  0]LogAudioMixer: Display: Initializing audio mixer.
[2022.03.21-03.31.58:422][  0]LogAudioMixer: Display: 0: FrontLeft
[2022.03.21-03.31.58:422][  0]LogAudioMixer: Display: 1: FrontRight
[2022.03.21-03.31.58:462][  0]LogAudioMixer: Display: Using Audio Device Speakers (Realtek(R) Audio)
[2022.03.21-03.31.58:469][  0]LogAudioMixer: Display: Initializing Sound Submixes...
[2022.03.21-03.31.58:470][  0]LogAudioMixer: Display: Creating Master Submix 'MasterSubmixDefault'
[2022.03.21-03.31.58:470][  0]LogAudioMixer: Display: Creating Master Submix 'MasterReverbSubmixDefault'
[2022.03.21-03.31.58:471][  0]LogAudioMixer: Display: Creating Master Submix 'MasterEQSubmixDefault'
[2022.03.21-03.31.58:471][  0]LogAudioMixer: FMixerPlatformXAudio2::StartAudioStream() called
[2022.03.21-03.31.58:471][  0]LogAudioMixer: Display: Output buffers initialized: Frames=1024, Channels=2, Samples=2048
[2022.03.21-03.31.58:472][  0]LogAudioMixer: Display: Starting AudioMixerPlatformInterface::RunInternal()
[2022.03.21-03.31.58:472][  0]LogAudioMixer: Display: FMixerPlatformXAudio2::SubmitBuffer() called for the first time
[2022.03.21-03.31.58:472][  0]LogInit: FAudioDevice initialized.
[2022.03.21-03.31.58:473][  0]LogNetVersion: Set ProjectVersion to 1.0.0.0. Version Checksum will be recalculated on next use.
[2022.03.21-03.31.58:477][  0]LogInit: Texture streaming: Enabled
[2022.03.21-03.31.58:546][  0]LogAudio: Display: Audio Device (ID: 1) registered with world 'Untitled'.
[2022.03.21-03.31.58:547][  0]LogSlate: Updating window title bar state: overlay mode, drag disabled, window buttons hidden, title bar hidden
[2022.03.21-03.31.58:549][  0]LogInit: Display: Game Engine Initialized.
[2022.03.21-03.31.58:550][  0]LogNiagaraEditor: GEditor isn't valid! Particle reset commands will not work for Niagara components!
[2022.03.21-03.31.58:579][  0]LogInit: Display: Starting Game.
[2022.03.21-03.31.58:579][  0]LogNet: Browse: /Game/Levels/mainMenu2/MainMenu2?Name=Player
[2022.03.21-03.31.58:579][  0]LogLoad: LoadMap: /Game/Levels/mainMenu2/MainMenu2?Name=Player
[2022.03.21-03.31.58:579][  0]LogWorld: BeginTearingDown for /Temp/Untitled_0
[2022.03.21-03.31.58:580][  0]LogWorld: UWorld::CleanupWorld for Untitled, bSessionEnded=true, bCleanupResources=true
[2022.03.21-03.31.58:580][  0]LogSlate: InvalidateAllWidgets triggered.  All widgets were invalidated
[2022.03.21-03.31.58:585][  0]LogAudio: Display: Audio Device unregistered from world 'None'.
[2022.03.21-03.31.58:587][  0]LogUObjectHash: Compacting FUObjectHashTables data took   0.69ms
[2022.03.21-03.31.58:839][  0]LogAudio: Display: Audio Device (ID: 1) registered with world 'MainMenu2'.
[2022.03.21-03.31.58:849][  0]LogAIModule: Creating AISystem for world MainMenu2
[2022.03.21-03.31.58:851][  0]LogLoad: Game class is 'ThirdPersonGameMode_C'
[2022.03.21-03.31.58:853][  0]LogWorld: Bringing World /Game/Levels/mainMenu2/MainMenu2.MainMenu2 up for play (max tick rate 0) at 2022.03.20-22.31.58
[2022.03.21-03.31.58:854][  0]LogWorld: Bringing up level for play took: 0.001988
[2022.03.21-03.31.58:854][  0]LogGameMode: FindPlayerStart: PATHS NOT DEFINED or NO PLAYERSTART with positive rating
[2022.03.21-03.31.58:856][  0]LogViewport: Display: Viewport MouseLockMode Changed, LockOnCapture -> DoNotLock
[2022.03.21-03.31.58:856][  0]LogViewport: Display: Viewport MouseCaptureMode Changed, CapturePermanently_IncludingInitialMouseDown -> NoCapture
[2022.03.21-03.31.58:856][  0]LogLoad: Took 0.276971 seconds to LoadMap(/Game/Levels/mainMenu2/MainMenu2)
[2022.03.21-03.31.58:910][  0]LogSlate: Took 0.000129 seconds to synchronously load lazily loaded font '../../../Engine/Content/Slate/Fonts/Roboto-Regular.ttf' (155K)
[2022.03.21-03.31.58:945][  0]LogRenderer: Reallocating scene render targets to support 712x448 Format 10 NumSamples 1 (Frame:1).
[2022.03.21-03.31.58:945][  0]LogInit: Display: Engine is initialized. Leaving FEngineLoop::Init()
[2022.03.21-03.31.58:945][  0]LogLoad: (Engine Initialization) Total time: 8.19 seconds
[2022.03.21-03.31.58:945][  0]LogLoad: (Engine Initialization) Total Blueprint compile time: 0.00 seconds
[2022.03.21-03.31.58:953][  0]LogContentStreaming: Texture pool size now 1000 MB
[2022.03.21-03.31.58:960][  0]LogSlate: InvalidateAllWidgets triggered.  All widgets were invalidated
[2022.03.21-03.31.59:066][  1]PIE: Warning: Mobility of /Game/Levels/mainMenu2/MainMenu2.MainMenu2:PersistentLevel.MainMenuSitter_2 : CollisionCylinder has to be 'Movable' if you'd like to move it with CharacterMovementComponent. 
[2022.03.21-03.31.59:067][  1]LogSlate: Took 0.000163 seconds to synchronously load lazily loaded font '../../../Engine/Content/Slate/Fonts/Roboto-Regular.ttf' (155K)
[2022.03.21-03.32.00:117][165]LogPackageName: SearchForPackageOnDisk took   0.071s to resolve School.umap.
[2022.03.21-03.32.00:192][165]LogPackageName: SearchForPackageOnDisk took   0.074s to resolve School.umap.
[2022.03.21-03.32.00:192][165]LogNet: Browse: /Game/Levels/School
[2022.03.21-03.32.00:193][165]LogLoad: LoadMap: /Game/Levels/School
[2022.03.21-03.32.00:193][165]LogWorld: BeginTearingDown for /Game/Levels/mainMenu2/MainMenu2
[2022.03.21-03.32.00:193][165]LogWorld: UWorld::CleanupWorld for MainMenu2, bSessionEnded=true, bCleanupResources=true
[2022.03.21-03.32.00:194][165]LogSlate: InvalidateAllWidgets triggered.  All widgets were invalidated
[2022.03.21-03.32.00:223][165]LogAudio: Display: Audio Device unregistered from world 'None'.
[2022.03.21-03.32.00:234][165]LogUObjectHash: Compacting FUObjectHashTables data took   1.63ms
[2022.03.21-03.32.01:151][165]LogAudio: Display: Audio Device (ID: 1) registered with world 'School'.
[2022.03.21-03.32.01:152][165]LogAIModule: Creating AISystem for world School
[2022.03.21-03.32.01:152][165]LogLoad: Game class is 'ThirdPersonGameMode_C'
[2022.03.21-03.32.01:193][165]LogWorld: Bringing World /Game/Levels/School.School up for play (max tick rate 0) at 2022.03.20-22.32.01
[2022.03.21-03.32.01:194][165]PIE: Warning: Mobility of /Game/Levels/School.School:PersistentLevel.Ken1_2 : CollisionCylinder has to be 'Movable' if you'd like to move. 
[2022.03.21-03.32.01:194][165]PIE: Warning: Mobility of /Game/Levels/School.School:PersistentLevel.Cruz1_2 : CollisionCylinder has to be 'Movable' if you'd like to move. 
[2022.03.21-03.32.01:195][165]PIE: Warning: Mobility of /Game/Levels/School.School:PersistentLevel.Ken2_2 : CollisionCylinder has to be 'Movable' if you'd like to move. 
[2022.03.21-03.32.01:195][165]PIE: Warning: Mobility of /Game/Levels/School.School:PersistentLevel.Loc2_2 : CollisionCylinder has to be 'Movable' if you'd like to move. 
[2022.03.21-03.32.01:195][165]PIE: Warning: Mobility of /Game/Levels/School.School:PersistentLevel.Cruz2_2 : CollisionCylinder has to be 'Movable' if you'd like to move. 
[2022.03.21-03.32.01:196][165]LogWorld: Bringing up level for play took: 0.042163
[2022.03.21-03.32.01:200][165]LogViewport: Display: Viewport MouseLockMode Changed, DoNotLock -> LockOnCapture
[2022.03.21-03.32.01:200][165]LogViewport: Display: Viewport MouseCaptureMode Changed, NoCapture -> CapturePermanently
[2022.03.21-03.32.01:201][165]LogLoad: Took 1.008691 seconds to LoadMap(/Game/Levels/School)
[2022.03.21-03.32.01:202][165]PIE: Warning: Mobility of /Game/Levels/School.School:PersistentLevel.Ken1_2 : CollisionCylinder has to be 'Movable' if you'd like to move it with CharacterMovementComponent. 
[2022.03.21-03.32.01:202][165]PIE: Warning: Mobility of /Game/Levels/School.School:PersistentLevel.Cruz1_2 : CollisionCylinder has to be 'Movable' if you'd like to move it with CharacterMovementComponent. 
[2022.03.21-03.32.01:202][165]PIE: Warning: Mobility of /Game/Levels/School.School:PersistentLevel.Loc1_2 : CollisionCylinder has to be 'Movable' if you'd like to move it with CharacterMovementComponent. 
[2022.03.21-03.32.01:202][165]PIE: Warning: Mobility of /Game/Levels/School.School:PersistentLevel.Ken2_2 : CollisionCylinder has to be 'Movable' if you'd like to move it with CharacterMovementComponent. 
[2022.03.21-03.32.01:202][165]PIE: Warning: Mobility of /Game/Levels/School.School:PersistentLevel.Loc2_2 : CollisionCylinder has to be 'Movable' if you'd like to move it with CharacterMovementComponent. 
[2022.03.21-03.32.01:202][165]PIE: Warning: Mobility of /Game/Levels/School.School:PersistentLevel.Cruz2_2 : CollisionCylinder has to be 'Movable' if you'd like to move it with CharacterMovementComponent. 
[2022.03.21-03.32.08:084][475]LogRenderer: Reallocating scene render targets to support 1920x1080 Format 10 NumSamples 1 (Frame:1311).
[2022.03.21-03.32.09:379][601]LogRenderer: Reallocating scene render targets to support 720x480 Format 10 NumSamples 1 (Frame:1438).
[2022.03.21-03.32.15:195][795]Closing by request
[2022.03.21-03.32.15:196][795]LogWindows: FPlatformMisc::RequestExit(0)
[2022.03.21-03.32.15:196][795]LogWindows: FPlatformMisc::RequestExitWithStatus(0, 0)
[2022.03.21-03.32.15:196][795]LogCore: Engine exit requested (reason: Win RequestExit)
[2022.03.21-03.32.15:202][796]LogCore: Engine exit requested (reason: EngineExit() was called; note: exit was already requested)
[2022.03.21-03.32.15:202][796]LogInit: Display: PreExit Game.
[2022.03.21-03.32.15:203][796]LogWorld: BeginTearingDown for /Game/Levels/School
[2022.03.21-03.32.15:205][796]LogWorld: UWorld::CleanupWorld for School, bSessionEnded=true, bCleanupResources=true
[2022.03.21-03.32.15:209][796]LogSlate: InvalidateAllWidgets triggered.  All widgets were invalidated
[2022.03.21-03.32.15:296][796]LogAudio: Display: Beginning Audio Device Manager Shutdown (Module: AudioMixerXAudio2)...
[2022.03.21-03.32.15:296][796]LogAudio: Display: Destroying 1 Remaining Audio Device(s)...
[2022.03.21-03.32.15:296][796]LogAudio: Display: Audio Device unregistered from world 'School'.
[2022.03.21-03.32.15:324][796]LogAudioMixer: FMixerPlatformXAudio2::StopAudioStream() called
[2022.03.21-03.32.15:325][796]LogAudioMixer: FMixerPlatformXAudio2::StopAudioStream() called
[2022.03.21-03.32.15:358][796]LogAudio: Display: Audio Device Manager Shutdown
[2022.03.21-03.32.15:365][796]LogSlate: Window 'JobProject (64-bit Development PCD3D_SM5) ' being destroyed
[2022.03.21-03.32.15:366][796]LogWindowsTextInputMethodSystem: Display: IME system deactivated.
[2022.03.21-03.32.15:374][796]LogWindowsTextInputMethodSystem: Display: IME system deactivated.
[2022.03.21-03.32.15:381][796]LogExit: Preparing to exit.
[2022.03.21-03.32.15:398][796]LogUObjectHash: Compacting FUObjectHashTables data took   1.33ms
[2022.03.21-03.32.15:515][796]LogMoviePlayer: Shutting down movie player
[2022.03.21-03.32.15:719][796]LogSlate: Updating window title bar state: overlay mode, drag disabled, window buttons hidden, title bar hidden
[2022.03.21-03.32.15:728][796]LogDemo: Cleaned up 0 splitscreen connections with owner deletion
[2022.03.21-03.32.15:732][796]LogExit: Game engine shut down
[2022.03.21-03.32.15:779][796]LogExit: Object subsystem successfully closed.
[2022.03.21-03.32.15:793][796]LogShaderCompilers: Display: === FShaderJobCache stats ===
[2022.03.21-03.32.15:793][796]LogShaderCompilers: Display: Total job queries 0, among them cache hits 0 (0.00%)
[2022.03.21-03.32.15:793][796]LogShaderCompilers: Display: Tracking 0 distinct input hashes that result in 0 distinct outputs (0.00%)
[2022.03.21-03.32.15:793][796]LogShaderCompilers: Display: RAM used: 0.00 MB (0.00 GB) of 819.20 MB (0.80 GB) budget. Usage: 0.00%
[2022.03.21-03.32.15:793][796]LogShaderCompilers: Display: ================================================
[2022.03.21-03.32.15:814][796]LogShaderCompilers: Display: Shaders left to compile 0
[2022.03.21-03.32.15:814][796]LogShaderCompilers: Display: Shaders left to compile 0
[2022.03.21-03.32.15:820][796]LogModuleManager: Shutting down and abandoning module SequenceRecorderSections (514)
[2022.03.21-03.32.15:820][796]LogModuleManager: Shutting down and abandoning module SequenceRecorder (512)
[2022.03.21-03.32.15:820][796]LogModuleManager: Shutting down and abandoning module AutomationController (510)
[2022.03.21-03.32.15:820][796]LogModuleManager: Shutting down and abandoning module AutomationWorker (508)
[2022.03.21-03.32.15:820][796]LogModuleManager: Shutting down and abandoning module Voice (506)
[2022.03.21-03.32.15:820][796]LogModuleManager: Shutting down and abandoning module AIModule (504)
[2022.03.21-03.32.15:820][796]LogModuleManager: Shutting down and abandoning module GameplayDebugger (503)
[2022.03.21-03.32.15:820][796]LogModuleManager: Shutting down and abandoning module AITestSuite (501)
[2022.03.21-03.32.15:820][796]LogModuleManager: Shutting down and abandoning module NavigationSystem (499)
[2022.03.21-03.32.15:820][796]LogModuleManager: Shutting down and abandoning module AnimGraph (496)
[2022.03.21-03.32.15:820][796]LogModuleManager: Shutting down and abandoning module PlanarCut (494)
[2022.03.21-03.32.15:820][796]LogModuleManager: Shutting down and abandoning module CharacterAI (492)
[2022.03.21-03.32.15:820][796]LogModuleManager: Shutting down and abandoning module WmfMediaFactory (490)
[2022.03.21-03.32.15:820][796]LogModuleManager: Shutting down and abandoning module WebMMediaFactory (488)
[2022.03.21-03.32.15:820][796]LogModuleManager: Shutting down and abandoning module WebMMedia (486)
[2022.03.21-03.32.15:821][796]LogModuleManager: Shutting down and abandoning module OpenExrWrapper (484)
[2022.03.21-03.32.15:821][796]LogModuleManager: Shutting down and abandoning module ImgMediaFactory (482)
[2022.03.21-03.32.15:821][796]LogModuleManager: Shutting down and abandoning module AvfMediaFactory (480)
[2022.03.21-03.32.15:821][796]LogModuleManager: Shutting down and abandoning module MagicLeapMediaCodecFactory (478)
[2022.03.21-03.32.15:821][796]LogModuleManager: Shutting down and abandoning module MagicLeapMediaFactory (476)
[2022.03.21-03.32.15:821][796]LogModuleManager: Shutting down and abandoning module SessionServices (474)
[2022.03.21-03.32.15:821][796]LogModuleManager: Shutting down and abandoning module MovieSceneCapture (472)
[2022.03.21-03.32.15:821][796]LogModuleManager: Shutting down and abandoning module LiveCoding (470)
[2022.03.21-03.32.15:821][796]LogModuleManager: Shutting down and abandoning module LevelSequence (468)
[2022.03.21-03.32.15:821][796]LogModuleManager: Shutting down and abandoning module MovieSceneTracks (466)
[2022.03.21-03.32.15:821][796]LogModuleManager: Shutting down and abandoning module MovieScene (464)
[2022.03.21-03.32.15:821][796]LogModuleManager: Shutting down and abandoning module StreamingPauseRendering (462)
[2022.03.21-03.32.15:821][796]LogModuleManager: Shutting down and abandoning module PortalServices (460)
[2022.03.21-03.32.15:821][796]LogModuleManager: Shutting down and abandoning module PortalRpc (458)
[2022.03.21-03.32.15:821][796]LogModuleManager: Shutting down and abandoning module MessagingRpc (456)
[2022.03.21-03.32.15:821][796]LogModuleManager: Shutting down and abandoning module AudioMixerXAudio2 (454)
[2022.03.21-03.32.15:821][796]LogModuleManager: Shutting down and abandoning module AudioMixerCore (453)
[2022.03.21-03.32.15:821][796]LogModuleManager: Shutting down and abandoning module ImageWriteQueue (450)
[2022.03.21-03.32.15:824][796]LogModuleManager: Shutting down and abandoning module ProfilerService (448)
[2022.03.21-03.32.16:030][796]LogModuleManager: Shutting down and abandoning module TaskGraph (446)
[2022.03.21-03.32.16:030][796]LogModuleManager: Shutting down and abandoning module MediaCompositing (444)
[2022.03.21-03.32.16:030][796]LogModuleManager: Shutting down and abandoning module MotoSynth (442)
[2022.03.21-03.32.16:030][796]LogModuleManager: Shutting down and abandoning module OpenImageDenoise (440)
[2022.03.21-03.32.16:030][796]LogOpenImageDenoise: OIDN shutting down
[2022.03.21-03.32.16:030][796]LogModuleManager: Shutting down and abandoning module Synthesis (438)
[2022.03.21-03.32.16:030][796]LogModuleManager: Shutting down and abandoning module MeshConversion (436)
[2022.03.21-03.32.16:030][796]LogModuleManager: Shutting down and abandoning module DynamicMesh (434)
[2022.03.21-03.32.16:030][796]LogModuleManager: Shutting down and abandoning module GeometryAlgorithms (432)
[2022.03.21-03.32.16:030][796]LogModuleManager: Shutting down and abandoning module GeometricObjects (430)
[2022.03.21-03.32.16:030][796]LogModuleManager: Shutting down and abandoning module ProceduralMeshComponent (428)
[2022.03.21-03.32.16:030][796]LogModuleManager: Shutting down and abandoning module MobilePatchingUtils (426)
[2022.03.21-03.32.16:030][796]LogModuleManager: Shutting down and abandoning module GeometryCollectionTracks (424)
[2022.03.21-03.32.16:030][796]LogModuleManager: Shutting down and abandoning module GeometryCollectionSequencer (423)
[2022.03.21-03.32.16:030][796]LogModuleManager: Shutting down and abandoning module GeometryCacheTracks (420)
[2022.03.21-03.32.16:030][796]LogModuleManager: Shutting down and abandoning module GeometryCacheSequencer (419)
[2022.03.21-03.32.16:030][796]LogModuleManager: Shutting down and abandoning module GeometryCache (416)
[2022.03.21-03.32.16:030][796]LogModuleManager: Shutting down and abandoning module GeometryCacheEd (415)
[2022.03.21-03.32.16:030][796]LogModuleManager: Shutting down and abandoning module ChaosNiagara (412)
[2022.03.21-03.32.16:030][796]LogModuleManager: Shutting down and abandoning module GooglePAD (410)
[2022.03.21-03.32.16:031][796]LogModuleManager: Shutting down and abandoning module EditableMesh (408)
[2022.03.21-03.32.16:031][796]LogModuleManager: Shutting down and abandoning module FieldSystemEngine (407)
[2022.03.21-03.32.16:031][796]LogModuleManager: Shutting down and abandoning module CustomMeshComponent (404)
[2022.03.21-03.32.16:031][796]LogModuleManager: Shutting down and abandoning module CableComponent (402)
[2022.03.21-03.32.16:031][796]LogModuleManager: Shutting down and abandoning module AudioCapture (400)
[2022.03.21-03.32.16:031][796]LogModuleManager: Shutting down and abandoning module AudioCaptureRtAudio (399)
[2022.03.21-03.32.16:031][796]LogModuleManager: Shutting down and abandoning module AssetTags (396)
[2022.03.21-03.32.16:031][796]LogModuleManager: Shutting down and abandoning module ArchVisCharacter (394)
[2022.03.21-03.32.16:031][796]LogModuleManager: Shutting down and abandoning module AppleImageUtilsBlueprintSupport (392)
[2022.03.21-03.32.16:031][796]LogModuleManager: Shutting down and abandoning module AppleImageUtils (390)
[2022.03.21-03.32.16:031][796]LogModuleManager: Shutting down and abandoning module AndroidPermission (388)
[2022.03.21-03.32.16:031][796]LogModuleManager: Shutting down and abandoning module ActorLayerUtilities (386)
[2022.03.21-03.32.16:031][796]LogModuleManager: Shutting down and abandoning module TemplateSequence (384)
[2022.03.21-03.32.16:031][796]LogModuleManager: Shutting down and abandoning module ImgMedia (382)
[2022.03.21-03.32.16:031][796]LogModuleManager: Shutting down and abandoning module MagicLeapSharedWorld (380)
[2022.03.21-03.32.16:031][796]LogModuleManager: Shutting down and abandoning module MagicLeapLightEstimation (378)
[2022.03.21-03.32.16:031][796]LogModuleManager: Shutting down and abandoning module VisualStudioSourceCodeAccess (376)
[2022.03.21-03.32.16:031][796]LogModuleManager: Shutting down and abandoning module HotReload (375)
[2022.03.21-03.32.16:031][796]LogModuleManager: Shutting down and abandoning module VisualStudioCodeSourceCodeAccess (372)
[2022.03.21-03.32.16:031][796]LogModuleManager: Shutting down and abandoning module UObjectPlugin (370)
[2022.03.21-03.32.16:031][796]LogModuleManager: Shutting down and abandoning module SubversionSourceControl (368)
[2022.03.21-03.32.16:031][796]LogModuleManager: Shutting down and abandoning module BlockoutToolsPlugin (366)
[2022.03.21-03.32.16:031][796]LogModuleManager: Shutting down and abandoning module PerforceSourceControl (364)
[2022.03.21-03.32.16:031][796]LogModuleManager: Shutting down and abandoning module SourceControl (363)
[2022.03.21-03.32.16:031][796]LogModuleManager: Shutting down and abandoning module BackChannel (360)
[2022.03.21-03.32.16:031][796]LogModuleManager: Shutting down and abandoning module AutomationUtils (358)
[2022.03.21-03.32.16:031][796]LogModuleManager: Shutting down and abandoning module MagicLeapHelperVulkan (356)
[2022.03.21-03.32.16:031][796]LogModuleManager: Shutting down and abandoning module MagicLeapHelperOpenGL (354)
[2022.03.21-03.32.16:031][796]LogModuleManager: Shutting down and abandoning module MagicLeapAudio (352)
[2022.03.21-03.32.16:031][796]LogModuleManager: Shutting down and abandoning module CLionSourceCodeAccess (350)
[2022.03.21-03.32.16:031][796]LogModuleManager: Shutting down and abandoning module OodleNetworkHandlerComponent (348)
[2022.03.21-03.32.16:031][796]LogModuleManager: Shutting down and abandoning module PythonScriptPlugin (346)
[2022.03.21-03.32.16:031][796]LogModuleManager: Shutting down and abandoning module SoundFields (344)
[2022.03.21-03.32.16:031][796]LogModuleManager: Shutting down and abandoning module SignificanceManager (342)
[2022.03.21-03.32.16:031][796]LogModuleManager: Shutting down and abandoning module RuntimePhysXCooking (340)
[2022.03.21-03.32.16:031][796]LogModuleManager: Shutting down and abandoning module PropertyAccessEditor (338)
[2022.03.21-03.32.16:031][796]LogModuleManager: Shutting down and abandoning module PhysXVehiclesEditor (336)
[2022.03.21-03.32.16:031][796]LogModuleManager: Shutting down and abandoning module LocationServicesBPLibrary (332)
[2022.03.21-03.32.16:031][796]LogModuleManager: Shutting down and abandoning module AudioSynesthesia (330)
[2022.03.21-03.32.16:031][796]LogModuleManager: Shutting down and abandoning module AudioSynesthesiaCore (328)
[2022.03.21-03.32.16:031][796]LogModuleManager: Shutting down and abandoning module ActorSequence (326)
[2022.03.21-03.32.16:031][796]LogModuleManager: Shutting down and abandoning module ImgMediaEngine (324)
[2022.03.21-03.32.16:031][796]LogModuleManager: Shutting down and abandoning module MagicLeapARPin (322)
[2022.03.21-03.32.16:031][796]LogModuleManager: Shutting down and abandoning module TcpMessaging (320)
[2022.03.21-03.32.16:132][796]LogModuleManager: Shutting down and abandoning module UdpMessaging (318)
[2022.03.21-03.32.16:232][796]LogModuleManager: Shutting down and abandoning module PropertyAccessNode (316)
[2022.03.21-03.32.16:232][796]LogModuleManager: Shutting down and abandoning module MagicLeapHandMeshing (314)
[2022.03.21-03.32.16:232][796]LogModuleManager: Shutting down and abandoning module MagicLeapSecureStorage (312)
[2022.03.21-03.32.16:232][796]LogModuleManager: Shutting down and abandoning module MagicLeapPrivileges (310)
[2022.03.21-03.32.16:232][796]LogModuleManager: Shutting down and abandoning module MagicLeapPlanes (308)
[2022.03.21-03.32.16:232][796]LogMagicLeapPlanes: Planes tracker already destroyed.
[2022.03.21-03.32.16:232][796]LogModuleManager: Shutting down and abandoning module MagicLeapImageTracker (306)
[2022.03.21-03.32.16:232][796]LogModuleManager: Shutting down and abandoning module MagicLeapIdentity (304)
[2022.03.21-03.32.16:232][796]LogModuleManager: Shutting down and abandoning module MagicLeapHandTracking (302)
[2022.03.21-03.32.16:232][796]LogModuleManager: Shutting down and abandoning module MagicLeapEyeTracker (300)
[2022.03.21-03.32.16:232][796]LogModuleManager: Shutting down and abandoning module MagicLeapController (298)
[2022.03.21-03.32.16:232][796]LogSlate: Slate User Destroyed.  User Index 0, Is Virtual User: 0
[2022.03.21-03.32.16:232][796]LogModuleManager: Shutting down and abandoning module MagicLeapARPinImpl (296)
[2022.03.21-03.32.16:232][796]LogModuleManager: Shutting down and abandoning module MagicLeapAR (294)
[2022.03.21-03.32.16:232][796]LogModuleManager: Shutting down and abandoning module AugmentedReality (293)
[2022.03.21-03.32.16:232][796]LogModuleManager: Shutting down and abandoning module NiagaraAnimNotifies (290)
[2022.03.21-03.32.16:232][796]LogModuleManager: Shutting down and abandoning module Niagara (288)
[2022.03.21-03.32.16:232][796]LogModuleManager: Shutting down and abandoning module SignalProcessing (287)
[2022.03.21-03.32.16:232][796]LogModuleManager: Shutting down and abandoning module NiagaraEditor (285)
[2022.03.21-03.32.16:232][796]LogModuleManager: Shutting down and abandoning module ContentBrowser (284)
[2022.03.21-03.32.16:232][796]LogModuleManager: Shutting down and abandoning module CollectionManager (283)
[2022.03.21-03.32.16:232][796]LogModuleManager: Shutting down and abandoning module DirectoryWatcher (282)
[2022.03.21-03.32.16:232][796]LogModuleManager: Shutting down and abandoning module ContentBrowserData (279)
[2022.03.21-03.32.16:232][796]LogModuleManager: Shutting down and abandoning module NiagaraCore (274)
[2022.03.21-03.32.16:232][796]LogModuleManager: Shutting down and abandoning module AnimationSharing (272)
[2022.03.21-03.32.16:232][796]LogModuleManager: Shutting down and abandoning module FacialAnimation (270)
[2022.03.21-03.32.16:232][796]LogModuleManager: Shutting down and abandoning module GameplayTagsEditor (268)
[2022.03.21-03.32.16:233][796]LogModuleManager: Shutting down and abandoning module AssetManagerEditor (266)
[2022.03.21-03.32.16:233][796]LogModuleManager: Shutting down and abandoning module TreeMap (265)
[2022.03.21-03.32.16:233][796]LogModuleManager: Shutting down and abandoning module GameplayCameras (262)
[2022.03.21-03.32.16:233][796]LogModuleManager: Shutting down and abandoning module LightPropagationVolumeRuntime (260)
[2022.03.21-03.32.16:233][796]LogModuleManager: Shutting down and abandoning module EnvironmentQueryEditor (258)
[2022.03.21-03.32.16:233][796]LogModuleManager: Shutting down and abandoning module WindowsMoviePlayer (256)
[2022.03.21-03.32.16:233][796]LogModuleManager: Shutting down and abandoning module WebMMoviePlayer (254)
[2022.03.21-03.32.16:233][796]LogModuleManager: Shutting down and abandoning module NetworkReplayStreaming (252)
[2022.03.21-03.32.16:233][796]LogModuleManager: Shutting down and abandoning module PacketHandler (250)
[2022.03.21-03.32.16:233][796]LogModuleManager: Shutting down and abandoning module ClothingSystemEditor (248)
[2022.03.21-03.32.16:233][796]LogModuleManager: Shutting down and abandoning module ClothingSystemRuntimeNv (246)
[2022.03.21-03.32.16:233][796]LogModuleManager: Shutting down and abandoning module MediaAssets (244)
[2022.03.21-03.32.16:233][796]LogModuleManager: Shutting down and abandoning module Overlay (242)
[2022.03.21-03.32.16:233][796]LogModuleManager: Shutting down and abandoning module OverlayEditor (241)
[2022.03.21-03.32.16:233][796]LogModuleManager: Shutting down and abandoning module VREditor (238)
[2022.03.21-03.32.16:233][796]LogModuleManager: Shutting down and abandoning module StringTableEditor (236)
[2022.03.21-03.32.16:233][796]LogModuleManager: Shutting down and abandoning module GameplayTasksEditor (234)
[2022.03.21-03.32.16:233][796]LogModuleManager: Shutting down and abandoning module BehaviorTreeEditor (232)
[2022.03.21-03.32.16:233][796]LogModuleManager: Shutting down and abandoning module FunctionalTesting (230)
[2022.03.21-03.32.16:233][796]LogModuleManager: Shutting down and abandoning module CollisionAnalyzer (228)
[2022.03.21-03.32.16:233][796]LogModuleManager: Shutting down and abandoning module WorkspaceMenuStructure (227)
[2022.03.21-03.32.16:233][796]LogModuleManager: Shutting down and abandoning module UMG (224)
[2022.03.21-03.32.16:233][796]LogModuleManager: Shutting down and abandoning module UMGEditor (223)
[2022.03.21-03.32.16:233][796]LogModuleManager: Shutting down and abandoning module Sequencer (222)
[2022.03.21-03.32.16:233][796]LogModuleManager: Shutting down and abandoning module MessageLog (219)
[2022.03.21-03.32.16:234][796]LogModuleManager: Shutting down and abandoning module SlateReflector (214)
[2022.03.21-03.32.16:234][796]LogModuleManager: Shutting down and abandoning module Slate (212)
[2022.03.21-03.32.16:234][796]LogModuleManager: Shutting down and abandoning module SlateCore (210)
[2022.03.21-03.32.16:235][796]LogModuleManager: Shutting down and abandoning module LandscapeEditorUtilities (208)
[2022.03.21-03.32.16:235][796]LogModuleManager: Shutting down and abandoning module UnrealEd (206)
[2022.03.21-03.32.16:235][796]LogModuleManager: Shutting down and abandoning module MRMesh (204)
[2022.03.21-03.32.16:235][796]LogModuleManager: Shutting down and abandoning module Messaging (202)
[2022.03.21-03.32.16:235][796]LogModuleManager: Shutting down and abandoning module SourceCodeAccess (200)
[2022.03.21-03.32.16:235][796]LogModuleManager: Shutting down and abandoning module HeadMountedDisplay (198)
[2022.03.21-03.32.16:235][796]LogModuleManager: Shutting down and abandoning module XAudio2 (196)
[2022.03.21-03.32.16:235][796]LogModuleManager: Shutting down and abandoning module Networking (194)
[2022.03.21-03.32.16:235][796]LogModuleManager: Shutting down and abandoning module Core (192)
[2022.03.21-03.32.16:235][796]LogModuleManager: Shutting down and abandoning module MaterialEditor (190)
[2022.03.21-03.32.16:235][796]LogModuleManager: Shutting down and abandoning module MovieSceneTools (188)
[2022.03.21-03.32.16:235][796]LogModuleManager: Shutting down and abandoning module EditorStyle (187)
[2022.03.21-03.32.16:236][796]LogModuleManager: Shutting down and abandoning module KismetCompiler (184)
[2022.03.21-03.32.16:236][796]LogModuleManager: Shutting down and abandoning module MeshBuilder (182)
[2022.03.21-03.32.16:236][796]LogModuleManager: Shutting down and abandoning module MeshUtilities (180)
[2022.03.21-03.32.16:236][796]LogModuleManager: Shutting down and abandoning module MeshMergeUtilities (179)
[2022.03.21-03.32.16:236][796]LogModuleManager: Shutting down and abandoning module MeshReductionInterface (178)
[2022.03.21-03.32.16:236][796]LogModuleManager: Shutting down and abandoning module MeshBoneReduction (177)
[2022.03.21-03.32.16:236][796]LogModuleManager: Shutting down and abandoning module SkeletalMeshReduction (175)
[2022.03.21-03.32.16:236][796]LogModuleManager: Shutting down and abandoning module ProxyLODMeshReduction (173)
[2022.03.21-03.32.16:236][796]LogModuleManager: Shutting down and abandoning module QuadricMeshReduction (171)
[2022.03.21-03.32.16:236][796]LogModuleManager: Shutting down and abandoning module MaterialBaking (167)
[2022.03.21-03.32.16:236][796]LogModuleManager: Shutting down and abandoning module NullInstallBundleManager (162)
[2022.03.21-03.32.16:236][796]LogModuleManager: Shutting down and abandoning module PIEPreviewDeviceProfileSelector (160)
[2022.03.21-03.32.16:236][796]LogModuleManager: Shutting down and abandoning module DerivedDataCache (158)
[2022.03.21-03.32.16:236][796]LogModuleManager: Shutting down and abandoning module TargetPlatform (156)
[2022.03.21-03.32.16:236][796]LogModuleManager: Shutting down and abandoning module VulkanShaderFormat (155)
[2022.03.21-03.32.16:236][796]LogModuleManager: Shutting down and abandoning module ShaderFormatVectorVM (153)
[2022.03.21-03.32.16:236][796]LogModuleManager: Shutting down and abandoning module ShaderFormatOpenGL (151)
[2022.03.21-03.32.16:236][796]LogModuleManager: Shutting down and abandoning module ShaderFormatD3D (149)
[2022.03.21-03.32.16:236][796]LogModuleManager: Shutting down and abandoning module MetalShaderFormat (147)
[2022.03.21-03.32.16:236][796]LogModuleManager: Shutting down and abandoning module TextureFormatOodle (145)
[2022.03.21-03.32.16:236][796]LogModuleManager: Shutting down and abandoning module TextureFormatUncompressed (143)
[2022.03.21-03.32.16:236][796]LogModuleManager: Shutting down and abandoning module TextureFormatPVR (141)
[2022.03.21-03.32.16:236][796]LogModuleManager: Shutting down and abandoning module TextureFormatETC2 (139)
[2022.03.21-03.32.16:236][796]LogModuleManager: Shutting down and abandoning module TextureFormatDXT (137)
[2022.03.21-03.32.16:236][796]LogModuleManager: Shutting down and abandoning module TextureFormatIntelISPCTexComp (135)
[2022.03.21-03.32.16:236][796]LogModuleManager: Shutting down and abandoning module TextureFormatASTC (133)
[2022.03.21-03.32.16:236][796]LogModuleManager: Shutting down and abandoning module ImageWrapper (132)
[2022.03.21-03.32.16:236][796]LogModuleManager: Shutting down and abandoning module AudioFormatOpus (129)
[2022.03.21-03.32.16:236][796]LogModuleManager: Shutting down and abandoning module AudioFormatOgg (127)
[2022.03.21-03.32.16:236][796]LogModuleManager: Shutting down and abandoning module AudioFormatADPCM (125)
[2022.03.21-03.32.16:236][796]LogModuleManager: Shutting down and abandoning module WindowsServerTargetPlatform (123)
[2022.03.21-03.32.16:236][796]LogModuleManager: Shutting down and abandoning module WindowsClientTargetPlatform (121)
[2022.03.21-03.32.16:236][796]LogModuleManager: Shutting down and abandoning module WindowsTargetPlatform (119)
[2022.03.21-03.32.16:236][796]LogModuleManager: Shutting down and abandoning module WindowsNoEditorTargetPlatform (117)
[2022.03.21-03.32.16:236][796]LogModuleManager: Shutting down and abandoning module D3D11RHI (114)
[2022.03.21-03.32.16:236][796]LogModuleManager: Shutting down and abandoning module InputCore (112)
[2022.03.21-03.32.16:236][796]LogModuleManager: Shutting down and abandoning module Settings (110)
[2022.03.21-03.32.16:236][796]LogModuleManager: Shutting down and abandoning module PhysXCooking (108)
[2022.03.21-03.32.16:236][796]LogModuleManager: Shutting down and abandoning module Chaos (106)
[2022.03.21-03.32.16:236][796]LogModuleManager: Shutting down and abandoning module WindowsPlatformFeatures (104)
[2022.03.21-03.32.16:236][796]LogModuleManager: Shutting down and abandoning module GameplayMediaEncoder (103)
[2022.03.21-03.32.16:236][796]LogModuleManager: Shutting down and abandoning module AVEncoder (102)
[2022.03.21-03.32.16:236][796]LogModuleManager: Shutting down and abandoning module OnlineBlueprintSupport (98)
[2022.03.21-03.32.16:236][796]LogModuleManager: Shutting down and abandoning module OnlineSubsystem (94)
[2022.03.21-03.32.16:238][796]LogModuleManager: Shutting down and abandoning module XMPP (89)
[2022.03.21-03.32.16:238][796]LogModuleManager: Shutting down and abandoning module WebSockets (88)
[2022.03.21-03.32.16:247][796]LogModuleManager: Shutting down and abandoning module HTTP (85)
[2022.03.21-03.32.16:247][796]LogHttp: Display: cleaning up 0 outstanding Http requests.
[2022.03.21-03.32.16:277][796]LogModuleManager: Shutting down and abandoning module SSL (84)
[2022.03.21-03.32.16:278][796]LogModuleManager: Shutting down and abandoning module VariantManagerContent (80)
[2022.03.21-03.32.16:278][796]LogModuleManager: Shutting down and abandoning module ExampleDeviceProfileSelector (78)
[2022.03.21-03.32.16:278][796]LogModuleManager: Shutting down and abandoning module ChunkDownloader (76)
[2022.03.21-03.32.16:278][796]LogModuleManager: Shutting down and abandoning module WmfMedia (74)
[2022.03.21-03.32.16:279][796]LogModuleManager: Shutting down and abandoning module Media (73)
[2022.03.21-03.32.16:279][796]LogModuleManager: Shutting down and abandoning module MediaInfo (72)
[2022.03.21-03.32.16:279][796]LogModuleManager: Shutting down and abandoning module LauncherChunkInstaller (68)
[2022.03.21-03.32.16:279][796]LogModuleManager: Shutting down and abandoning module ExrReaderGpu (66)
[2022.03.21-03.32.16:279][796]LogModuleManager: Shutting down and abandoning module MLSDK (64)
[2022.03.21-03.32.16:279][796]LogModuleManager: Shutting down and abandoning module ChaosCloth (62)
[2022.03.21-03.32.16:279][796]LogModuleManager: Shutting down and abandoning module PixWinPlugin (60)
[2022.03.21-03.32.16:280][796]LogModuleManager: Shutting down and abandoning module MagicLeap (58)
[2022.03.21-03.32.16:280][796]LogModuleManager: Shutting down and abandoning module NiagaraVertexFactories (56)
[2022.03.21-03.32.16:280][796]LogModuleManager: Shutting down and abandoning module NiagaraShader (54)
[2022.03.21-03.32.16:280][796]LogModuleManager: Shutting down and abandoning module DatasmithContent (52)
[2022.03.21-03.32.16:280][796]LogModuleManager: Shutting down and abandoning module AISupportModule (50)
[2022.03.21-03.32.16:280][796]LogModuleManager: Shutting down and abandoning module DesktopPlatform (48)
[2022.03.21-03.32.16:280][796]LogModuleManager: Shutting down and abandoning module PythonScriptPluginPreload (46)
[2022.03.21-03.32.16:280][796]LogModuleManager: Shutting down and abandoning module PlatformCryptoOpenSSL (44)
[2022.03.21-03.32.16:280][796]LogModuleManager: Shutting down and abandoning module PlatformCryptoTypes (42)
[2022.03.21-03.32.16:280][796]LogModuleManager: Shutting down and abandoning module PlatformCrypto (40)
[2022.03.21-03.32.16:280][796]LogModuleManager: Shutting down and abandoning module OodleDataCompressionFormat (38)
[2022.03.21-03.32.16:280][796]LogModuleManager: Shutting down and abandoning module XGEController (36)
[2022.03.21-03.32.16:280][796]LogModuleManager: Shutting down and abandoning module AnimationModifiers (34)
[2022.03.21-03.32.16:280][796]LogModuleManager: Shutting down and abandoning module AudioEditor (32)
[2022.03.21-03.32.16:281][796]LogModuleManager: Shutting down and abandoning module PropertyEditor (31)
[2022.03.21-03.32.16:281][796]LogModuleManager: Shutting down and abandoning module TextureCompressor (28)
[2022.03.21-03.32.16:281][796]LogModuleManager: Shutting down and abandoning module RenderCore (26)
[2022.03.21-03.32.16:281][796]LogModuleManager: Shutting down and abandoning module Landscape (24)
[2022.03.21-03.32.16:281][796]LogModuleManager: Shutting down and abandoning module SlateRHIRenderer (22)
[2022.03.21-03.32.16:281][796]LogModuleManager: Shutting down and abandoning module AnimGraphRuntime (20)
[2022.03.21-03.32.16:281][796]LogModuleManager: Shutting down and abandoning module Renderer (18)
[2022.03.21-03.32.16:281][796]LogModuleManager: Shutting down and abandoning module Engine (16)
[2022.03.21-03.32.16:281][796]LogModuleManager: Shutting down and abandoning module CoreUObject (14)
[2022.03.21-03.32.16:281][796]LogModuleManager: Shutting down and abandoning module NetworkFile (12)
[2022.03.21-03.32.16:281][796]LogModuleManager: Shutting down and abandoning module CookedIterativeFile (10)
[2022.03.21-03.32.16:281][796]LogModuleManager: Shutting down and abandoning module StreamingFile (8)
[2022.03.21-03.32.16:281][796]LogModuleManager: Shutting down and abandoning module SandboxFile (6)
[2022.03.21-03.32.16:281][796]LogModuleManager: Shutting down and abandoning module PakFile (4)
[2022.03.21-03.32.16:281][796]LogModuleManager: Shutting down and abandoning module RSA (3)
[2022.03.21-03.32.16:304][796]LogContentStreaming: Display: There are 1 unreleased StreamingManagers
[2022.03.21-03.32.16:316][796]LogD3D11RHI: Shutdown
[2022.03.21-03.32.16:316][796]LogD3D11RHI: CleanupD3DDevice
[2022.03.21-03.32.16:317][796]LogExit: Exiting.
[2022.03.21-03.32.16:330][796]Log file closed, 03/20/22 22:32:16
